CRITICAL - 2025-08-01 00:58:22 --> CodeIgniter\View\Exceptions\ViewException: Invalid file: "pengeluaran_bidang_each/print.php"
[Method: GET, Route: pengeluaran_bidang_each/cetak]
in SYSTEMPATH\Exceptions\FrameworkException.php on line 39.
 1 SYSTEMPATH\View\View.php(212): CodeIgniter\Exceptions\FrameworkException::forInvalidFile()
 2 SYSTEMPATH\Common.php(1173): CodeIgniter\View\View->render()
 3 APPPATH\Controllers\PengeluaranBidangEach.php(96): view()
 4 APPPATH\Controllers\PengeluaranBidangEach.php(79): App\Controllers\PengeluaranBidangEach->cetakPdf()
 5 SYSTEMPATH\CodeIgniter.php(933): App\Controllers\PengeluaranBidangEach->cetak()
 6 SYSTEMPATH\CodeIgniter.php(507): CodeIgniter\CodeIgniter->runController()
 7 SYSTEMPATH\CodeIgniter.php(354): CodeIgniter\CodeIgniter->handleRequest()
 8 SYSTEMPATH\Boot.php(334): CodeIgniter\CodeIgniter->run()
 9 SYSTEMPATH\Boot.php(67): CodeIgniter\Boot::runCodeIgniter()
10 FCPATH\index.php(59): CodeIgniter\Boot::bootWeb()
11 SYSTEMPATH\rewrite.php(44): require_once('C:\\Users\\akhta\\Downloads\\SI-Keuangan\\ci4app\\public\\index.php')
CRITICAL - 2025-08-01 01:17:51 --> Error: Class "App\Models\PengeluaranBidang1Model" not found
[Method: GET, Route: pengeluaran_bidang_each1]
in APPPATH\Controllers\PengeluaranBidangEach1.php on line 16.
 1 SYSTEMPATH\CodeIgniter.php(903): App\Controllers\PengeluaranBidangEach1->__construct()
 2 SYSTEMPATH\CodeIgniter.php(498): CodeIgniter\CodeIgniter->createController()
 3 SYSTEMPATH\CodeIgniter.php(354): CodeIgniter\CodeIgniter->handleRequest()
 4 SYSTEMPATH\Boot.php(334): CodeIgniter\CodeIgniter->run()
 5 SYSTEMPATH\Boot.php(67): CodeIgniter\Boot::runCodeIgniter()
 6 FCPATH\index.php(59): CodeIgniter\Boot::bootWeb()
 7 SYSTEMPATH\rewrite.php(44): require_once('C:\\Users\\akhta\\Downloads\\SI-Keuangan\\ci4app\\public\\index.php')
CRITICAL - 2025-08-01 01:18:38 --> Error: Class "App\Models\PengeluaranBidang1Model" not found
[Method: GET, Route: pengeluaran_bidang_each1]
in APPPATH\Controllers\PengeluaranBidangEach1.php on line 16.
 1 SYSTEMPATH\CodeIgniter.php(903): App\Controllers\PengeluaranBidangEach1->__construct()
 2 SYSTEMPATH\CodeIgniter.php(498): CodeIgniter\CodeIgniter->createController()
 3 SYSTEMPATH\CodeIgniter.php(354): CodeIgniter\CodeIgniter->handleRequest()
 4 SYSTEMPATH\Boot.php(334): CodeIgniter\CodeIgniter->run()
 5 SYSTEMPATH\Boot.php(67): CodeIgniter\Boot::runCodeIgniter()
 6 FCPATH\index.php(59): CodeIgniter\Boot::bootWeb()
 7 SYSTEMPATH\rewrite.php(44): require_once('C:\\Users\\akhta\\Downloads\\SI-Keuangan\\ci4app\\public\\index.php')
CRITICAL - 2025-08-01 01:22:01 --> Error: Class "App\Models\PengeluaranBidang1Model" not found
[Method: GET, Route: pengeluaran_bidang_each1]
in APPPATH\Controllers\PengeluaranBidangEach1.php on line 16.
 1 SYSTEMPATH\CodeIgniter.php(903): App\Controllers\PengeluaranBidangEach1->__construct()
 2 SYSTEMPATH\CodeIgniter.php(498): CodeIgniter\CodeIgniter->createController()
 3 SYSTEMPATH\CodeIgniter.php(354): CodeIgniter\CodeIgniter->handleRequest()
 4 SYSTEMPATH\Boot.php(334): CodeIgniter\CodeIgniter->run()
 5 SYSTEMPATH\Boot.php(67): CodeIgniter\Boot::runCodeIgniter()
 6 FCPATH\index.php(59): CodeIgniter\Boot::bootWeb()
 7 SYSTEMPATH\rewrite.php(44): require_once('C:\\Users\\akhta\\Downloads\\SI-Keuangan\\ci4app\\public\\index.php')
CRITICAL - 2025-08-01 01:22:02 --> Error: Class "App\Models\PengeluaranBidang1Model" not found
[Method: GET, Route: pengeluaran_bidang_each1]
in APPPATH\Controllers\PengeluaranBidangEach1.php on line 16.
 1 SYSTEMPATH\CodeIgniter.php(903): App\Controllers\PengeluaranBidangEach1->__construct()
 2 SYSTEMPATH\CodeIgniter.php(498): CodeIgniter\CodeIgniter->createController()
 3 SYSTEMPATH\CodeIgniter.php(354): CodeIgniter\CodeIgniter->handleRequest()
 4 SYSTEMPATH\Boot.php(334): CodeIgniter\CodeIgniter->run()
 5 SYSTEMPATH\Boot.php(67): CodeIgniter\Boot::runCodeIgniter()
 6 FCPATH\index.php(59): CodeIgniter\Boot::bootWeb()
 7 SYSTEMPATH\rewrite.php(44): require_once('C:\\Users\\akhta\\Downloads\\SI-Keuangan\\ci4app\\public\\index.php')
CRITICAL - 2025-08-01 01:22:03 --> Error: Class "App\Models\PengeluaranBidang1Model" not found
[Method: GET, Route: pengeluaran_bidang_each1]
in APPPATH\Controllers\PengeluaranBidangEach1.php on line 16.
 1 SYSTEMPATH\CodeIgniter.php(903): App\Controllers\PengeluaranBidangEach1->__construct()
 2 SYSTEMPATH\CodeIgniter.php(498): CodeIgniter\CodeIgniter->createController()
 3 SYSTEMPATH\CodeIgniter.php(354): CodeIgniter\CodeIgniter->handleRequest()
 4 SYSTEMPATH\Boot.php(334): CodeIgniter\CodeIgniter->run()
 5 SYSTEMPATH\Boot.php(67): CodeIgniter\Boot::runCodeIgniter()
 6 FCPATH\index.php(59): CodeIgniter\Boot::bootWeb()
 7 SYSTEMPATH\rewrite.php(44): require_once('C:\\Users\\akhta\\Downloads\\SI-Keuangan\\ci4app\\public\\index.php')
CRITICAL - 2025-08-01 01:22:03 --> Error: Class "App\Models\PengeluaranBidang1Model" not found
[Method: GET, Route: pengeluaran_bidang_each1]
in APPPATH\Controllers\PengeluaranBidangEach1.php on line 16.
 1 SYSTEMPATH\CodeIgniter.php(903): App\Controllers\PengeluaranBidangEach1->__construct()
 2 SYSTEMPATH\CodeIgniter.php(498): CodeIgniter\CodeIgniter->createController()
 3 SYSTEMPATH\CodeIgniter.php(354): CodeIgniter\CodeIgniter->handleRequest()
 4 SYSTEMPATH\Boot.php(334): CodeIgniter\CodeIgniter->run()
 5 SYSTEMPATH\Boot.php(67): CodeIgniter\Boot::runCodeIgniter()
 6 FCPATH\index.php(59): CodeIgniter\Boot::bootWeb()
 7 SYSTEMPATH\rewrite.php(44): require_once('C:\\Users\\akhta\\Downloads\\SI-Keuangan\\ci4app\\public\\index.php')
CRITICAL - 2025-08-01 01:22:47 --> Error: Class "App\Models\PengeluaranBidang1Model" not found
[Method: GET, Route: pengeluaran_bidang_each1]
in APPPATH\Controllers\PengeluaranBidangEach1.php on line 16.
 1 SYSTEMPATH\CodeIgniter.php(903): App\Controllers\PengeluaranBidangEach1->__construct()
 2 SYSTEMPATH\CodeIgniter.php(498): CodeIgniter\CodeIgniter->createController()
 3 SYSTEMPATH\CodeIgniter.php(354): CodeIgniter\CodeIgniter->handleRequest()
 4 SYSTEMPATH\Boot.php(334): CodeIgniter\CodeIgniter->run()
 5 SYSTEMPATH\Boot.php(67): CodeIgniter\Boot::runCodeIgniter()
 6 FCPATH\index.php(59): CodeIgniter\Boot::bootWeb()
 7 SYSTEMPATH\rewrite.php(44): require_once('C:\\Users\\akhta\\Downloads\\SI-Keuangan\\ci4app\\public\\index.php')
CRITICAL - 2025-08-01 01:30:48 --> CodeIgniter\View\Exceptions\ViewException: Invalid file: "laporan/pengeluaran_bidang_each1_print.php"
[Method: GET, Route: pengeluaran_bidang_each1/cetak]
in SYSTEMPATH\Exceptions\FrameworkException.php on line 39.
 1 SYSTEMPATH\View\View.php(212): CodeIgniter\Exceptions\FrameworkException::forInvalidFile()
 2 SYSTEMPATH\Common.php(1173): CodeIgniter\View\View->render()
 3 APPPATH\Controllers\PengeluaranBidangEach1.php(76): view()
 4 SYSTEMPATH\CodeIgniter.php(933): App\Controllers\PengeluaranBidangEach1->cetak()
 5 SYSTEMPATH\CodeIgniter.php(507): CodeIgniter\CodeIgniter->runController()
 6 SYSTEMPATH\CodeIgniter.php(354): CodeIgniter\CodeIgniter->handleRequest()
 7 SYSTEMPATH\Boot.php(334): CodeIgniter\CodeIgniter->run()
 8 SYSTEMPATH\Boot.php(67): CodeIgniter\Boot::runCodeIgniter()
 9 FCPATH\index.php(59): CodeIgniter\Boot::bootWeb()
10 SYSTEMPATH\rewrite.php(44): require_once('C:\\Users\\akhta\\Downloads\\SI-Keuangan\\ci4app\\public\\index.php')
CRITICAL - 2025-08-01 01:31:11 --> CodeIgniter\View\Exceptions\ViewException: Invalid file: "laporan/pengeluaran_bidang_each1_print.php"
[Method: GET, Route: pengeluaran_bidang_each1/cetak]
in SYSTEMPATH\Exceptions\FrameworkException.php on line 39.
 1 SYSTEMPATH\View\View.php(212): CodeIgniter\Exceptions\FrameworkException::forInvalidFile()
 2 SYSTEMPATH\Common.php(1173): CodeIgniter\View\View->render()
 3 APPPATH\Controllers\PengeluaranBidangEach1.php(91): view()
 4 APPPATH\Controllers\PengeluaranBidangEach1.php(78): App\Controllers\PengeluaranBidangEach1->cetakPdf()
 5 SYSTEMPATH\CodeIgniter.php(933): App\Controllers\PengeluaranBidangEach1->cetak()
 6 SYSTEMPATH\CodeIgniter.php(507): CodeIgniter\CodeIgniter->runController()
 7 SYSTEMPATH\CodeIgniter.php(354): CodeIgniter\CodeIgniter->handleRequest()
 8 SYSTEMPATH\Boot.php(334): CodeIgniter\CodeIgniter->run()
 9 SYSTEMPATH\Boot.php(67): CodeIgniter\Boot::runCodeIgniter()
10 FCPATH\index.php(59): CodeIgniter\Boot::bootWeb()
11 SYSTEMPATH\rewrite.php(44): require_once('C:\\Users\\akhta\\Downloads\\SI-Keuangan\\ci4app\\public\\index.php')
WARNING - 2025-08-01 01:40:42 --> [DEPRECATED] fputcsv(): the $escape parameter must be provided as its default value will change in APPPATH\Controllers\PengeluaranBidangEach.php on line 143.
 1 APPPATH\Controllers\PengeluaranBidangEach.php(143): fputcsv(resource (stream), [...])
 2 APPPATH\Controllers\PengeluaranBidangEach.php(82): App\Controllers\PengeluaranBidangEach->cetakCsv([...], 'laporan_pengeluaran_bidang.csv')
 3 SYSTEMPATH\CodeIgniter.php(933): App\Controllers\PengeluaranBidangEach->cetak()
 4 SYSTEMPATH\CodeIgniter.php(507): CodeIgniter\CodeIgniter->runController(Object(App\Controllers\PengeluaranBidangEach))
 5 SYSTEMPATH\CodeIgniter.php(354): CodeIgniter\CodeIgniter->handleRequest(null, Object(Config\Cache), false)
 6 SYSTEMPATH\Boot.php(334): CodeIgniter\CodeIgniter->run()
 7 SYSTEMPATH\Boot.php(67): CodeIgniter\Boot::runCodeIgniter(Object(CodeIgniter\CodeIgniter))
 8 FCPATH\index.php(59): CodeIgniter\Boot::bootWeb(Object(Config\Paths))
 9 SYSTEMPATH\rewrite.php(44): require_once('C:\\Users\\akhta\\Downloads\\SI-Keuangan\\ci4app\\public\\index.php')
WARNING - 2025-08-01 01:40:42 --> [DEPRECATED] fputcsv(): the $escape parameter must be provided as its default value will change in APPPATH\Controllers\PengeluaranBidangEach.php on line 145.
 1 APPPATH\Controllers\PengeluaranBidangEach.php(145): fputcsv(resource (stream), [...])
 2 APPPATH\Controllers\PengeluaranBidangEach.php(82): App\Controllers\PengeluaranBidangEach->cetakCsv([...], 'laporan_pengeluaran_bidang.csv')
 3 SYSTEMPATH\CodeIgniter.php(933): App\Controllers\PengeluaranBidangEach->cetak()
 4 SYSTEMPATH\CodeIgniter.php(507): CodeIgniter\CodeIgniter->runController(Object(App\Controllers\PengeluaranBidangEach))
 5 SYSTEMPATH\CodeIgniter.php(354): CodeIgniter\CodeIgniter->handleRequest(null, Object(Config\Cache), false)
 6 SYSTEMPATH\Boot.php(334): CodeIgniter\CodeIgniter->run()
 7 SYSTEMPATH\Boot.php(67): CodeIgniter\Boot::runCodeIgniter(Object(CodeIgniter\CodeIgniter))
 8 FCPATH\index.php(59): CodeIgniter\Boot::bootWeb(Object(Config\Paths))
 9 SYSTEMPATH\rewrite.php(44): require_once('C:\\Users\\akhta\\Downloads\\SI-Keuangan\\ci4app\\public\\index.php')
CRITICAL - 2025-08-01 01:52:14 --> ErrorException: Undefined variable $row
[Method: GET, Route: pengeluaran_subbidang]
in APPPATH\Views\includes\forms\konfirmasi\hapus.php on line 1.
 1 APPPATH\Views\includes\forms\konfirmasi\hapus.php(1): CodeIgniter\Debug\Exceptions->errorHandler()
 2 SYSTEMPATH\View\View.php(224): include('C:\\Users\\akhta\\Downloads\\SI-Keuangan\\ci4app\\app\\Views\\includes\\forms\\konfirmasi\\hapus.php')
 3 SYSTEMPATH\View\View.php(227): CodeIgniter\View\View->{closure:CodeIgniter\View\View::render():221}()
 4 SYSTEMPATH\Common.php(1173): CodeIgniter\View\View->render()
 5 APPPATH\Views\pengeluaran_subbidang.php(100): view()
 6 SYSTEMPATH\View\View.php(224): include('C:\\Users\\akhta\\Downloads\\SI-Keuangan\\ci4app\\app\\Views\\pengeluaran_subbidang.php')
 7 SYSTEMPATH\View\View.php(227): CodeIgniter\View\View->{closure:CodeIgniter\View\View::render():221}()
 8 SYSTEMPATH\Common.php(1173): CodeIgniter\View\View->render()
 9 APPPATH\Controllers\PengeluaranSubbidang.php(9): view()
10 SYSTEMPATH\CodeIgniter.php(933): App\Controllers\PengeluaranSubbidang->index()
11 SYSTEMPATH\CodeIgniter.php(507): CodeIgniter\CodeIgniter->runController()
12 SYSTEMPATH\CodeIgniter.php(354): CodeIgniter\CodeIgniter->handleRequest()
13 SYSTEMPATH\Boot.php(334): CodeIgniter\CodeIgniter->run()
14 SYSTEMPATH\Boot.php(67): CodeIgniter\Boot::runCodeIgniter()
15 FCPATH\index.php(59): CodeIgniter\Boot::bootWeb()
16 SYSTEMPATH\rewrite.php(44): require_once('C:\\Users\\akhta\\Downloads\\SI-Keuangan\\ci4app\\public\\index.php')
CRITICAL - 2025-08-01 02:08:20 --> ErrorException: Undefined variable $row
[Method: GET, Route: pengeluaran_subbidang]
in APPPATH\Views\includes\forms\konfirmasi\hapus.php on line 1.
 1 APPPATH\Views\includes\forms\konfirmasi\hapus.php(1): CodeIgniter\Debug\Exceptions->errorHandler()
 2 SYSTEMPATH\View\View.php(224): include('C:\\Users\\akhta\\Downloads\\SI-Keuangan\\ci4app\\app\\Views\\includes\\forms\\konfirmasi\\hapus.php')
 3 SYSTEMPATH\View\View.php(227): CodeIgniter\View\View->{closure:CodeIgniter\View\View::render():221}()
 4 SYSTEMPATH\Common.php(1173): CodeIgniter\View\View->render()
 5 APPPATH\Views\pengeluaran_subbidang.php(100): view()
 6 SYSTEMPATH\View\View.php(224): include('C:\\Users\\akhta\\Downloads\\SI-Keuangan\\ci4app\\app\\Views\\pengeluaran_subbidang.php')
 7 SYSTEMPATH\View\View.php(227): CodeIgniter\View\View->{closure:CodeIgniter\View\View::render():221}()
 8 SYSTEMPATH\Common.php(1173): CodeIgniter\View\View->render()
 9 APPPATH\Controllers\PengeluaranSubbidang.php(9): view()
10 SYSTEMPATH\CodeIgniter.php(933): App\Controllers\PengeluaranSubbidang->index()
11 SYSTEMPATH\CodeIgniter.php(507): CodeIgniter\CodeIgniter->runController()
12 SYSTEMPATH\CodeIgniter.php(354): CodeIgniter\CodeIgniter->handleRequest()
13 SYSTEMPATH\Boot.php(334): CodeIgniter\CodeIgniter->run()
14 SYSTEMPATH\Boot.php(67): CodeIgniter\Boot::runCodeIgniter()
15 FCPATH\index.php(59): CodeIgniter\Boot::bootWeb()
16 SYSTEMPATH\rewrite.php(44): require_once('C:\\Users\\akhta\\Downloads\\SI-Keuangan\\ci4app\\public\\index.php')
ERROR - 2025-08-01 02:37:05 --> mysqli_sql_exception: Unknown column 'created_at' in 'field list' in C:\Users\akhta\Downloads\SI-Keuangan\ci4app\system\Database\MySQLi\Connection.php:327
Stack trace:
#0 C:\Users\akhta\Downloads\SI-Keuangan\ci4app\system\Database\MySQLi\Connection.php(327): mysqli->query()
#1 C:\Users\akhta\Downloads\SI-Keuangan\ci4app\system\Database\BaseConnection.php(738): CodeIgniter\Database\MySQLi\Connection->execute()
#2 C:\Users\akhta\Downloads\SI-Keuangan\ci4app\system\Database\BaseConnection.php(652): CodeIgniter\Database\BaseConnection->simpleQuery()
#3 C:\Users\akhta\Downloads\SI-Keuangan\ci4app\system\Database\BaseBuilder.php(2345): CodeIgniter\Database\BaseConnection->query()
#4 C:\Users\akhta\Downloads\SI-Keuangan\ci4app\system\Model.php(394): CodeIgniter\Database\BaseBuilder->insert()
#5 C:\Users\akhta\Downloads\SI-Keuangan\ci4app\system\BaseModel.php(843): CodeIgniter\Model->doInsert()
#6 C:\Users\akhta\Downloads\SI-Keuangan\ci4app\system\Model.php(800): CodeIgniter\BaseModel->insert()
#7 C:\Users\akhta\Downloads\SI-Keuangan\ci4app\app\Controllers\TransaksiAll.php(32): CodeIgniter\Model->insert()
#8 C:\Users\akhta\Downloads\SI-Keuangan\ci4app\system\CodeIgniter.php(933): App\Controllers\TransaksiAll->store()
#9 C:\Users\akhta\Downloads\SI-Keuangan\ci4app\system\CodeIgniter.php(507): CodeIgniter\CodeIgniter->runController()
#10 C:\Users\akhta\Downloads\SI-Keuangan\ci4app\system\CodeIgniter.php(354): CodeIgniter\CodeIgniter->handleRequest()
#11 C:\Users\akhta\Downloads\SI-Keuangan\ci4app\system\Boot.php(334): CodeIgniter\CodeIgniter->run()
#12 C:\Users\akhta\Downloads\SI-Keuangan\ci4app\system\Boot.php(67): CodeIgniter\Boot::runCodeIgniter()
#13 C:\Users\akhta\Downloads\SI-Keuangan\ci4app\public\index.php(59): CodeIgniter\Boot::bootWeb()
#14 C:\Users\akhta\Downloads\SI-Keuangan\ci4app\system\rewrite.php(44): require_once('...')
#15 {main}
CRITICAL - 2025-08-01 02:37:05 --> CodeIgniter\Database\Exceptions\DatabaseException: Unknown column 'created_at' in 'field list'
[Method: POST, Route: transaksi_all/store]
in SYSTEMPATH\Database\BaseConnection.php on line 692.
 1 SYSTEMPATH\Database\BaseBuilder.php(2345): CodeIgniter\Database\BaseConnection->query()
 2 SYSTEMPATH\Model.php(394): CodeIgniter\Database\BaseBuilder->insert()
 3 SYSTEMPATH\BaseModel.php(843): CodeIgniter\Model->doInsert()
 4 SYSTEMPATH\Model.php(800): CodeIgniter\BaseModel->insert()
 5 APPPATH\Controllers\TransaksiAll.php(32): CodeIgniter\Model->insert()
 6 SYSTEMPATH\CodeIgniter.php(933): App\Controllers\TransaksiAll->store()
 7 SYSTEMPATH\CodeIgniter.php(507): CodeIgniter\CodeIgniter->runController()
 8 SYSTEMPATH\CodeIgniter.php(354): CodeIgniter\CodeIgniter->handleRequest()
 9 SYSTEMPATH\Boot.php(334): CodeIgniter\CodeIgniter->run()
10 SYSTEMPATH\Boot.php(67): CodeIgniter\Boot::runCodeIgniter()
11 FCPATH\index.php(59): CodeIgniter\Boot::bootWeb()
12 SYSTEMPATH\rewrite.php(44): require_once('C:\\Users\\akhta\\Downloads\\SI-Keuangan\\ci4app\\public\\index.php')
CRITICAL - 2025-08-01 02:37:05 --> [Caused by] CodeIgniter\Database\Exceptions\DatabaseException: Unknown column 'created_at' in 'field list'
in SYSTEMPATH\Database\MySQLi\Connection.php on line 332.
 1 SYSTEMPATH\Database\BaseConnection.php(738): CodeIgniter\Database\MySQLi\Connection->execute()
 2 SYSTEMPATH\Database\BaseConnection.php(652): CodeIgniter\Database\BaseConnection->simpleQuery()
 3 SYSTEMPATH\Database\BaseBuilder.php(2345): CodeIgniter\Database\BaseConnection->query()
 4 SYSTEMPATH\Model.php(394): CodeIgniter\Database\BaseBuilder->insert()
 5 SYSTEMPATH\BaseModel.php(843): CodeIgniter\Model->doInsert()
 6 SYSTEMPATH\Model.php(800): CodeIgniter\BaseModel->insert()
 7 APPPATH\Controllers\TransaksiAll.php(32): CodeIgniter\Model->insert()
 8 SYSTEMPATH\CodeIgniter.php(933): App\Controllers\TransaksiAll->store()
 9 SYSTEMPATH\CodeIgniter.php(507): CodeIgniter\CodeIgniter->runController()
10 SYSTEMPATH\CodeIgniter.php(354): CodeIgniter\CodeIgniter->handleRequest()
11 SYSTEMPATH\Boot.php(334): CodeIgniter\CodeIgniter->run()
12 SYSTEMPATH\Boot.php(67): CodeIgniter\Boot::runCodeIgniter()
13 FCPATH\index.php(59): CodeIgniter\Boot::bootWeb()
14 SYSTEMPATH\rewrite.php(44): require_once('C:\\Users\\akhta\\Downloads\\SI-Keuangan\\ci4app\\public\\index.php')
CRITICAL - 2025-08-01 02:37:05 --> [Caused by] mysqli_sql_exception: Unknown column 'created_at' in 'field list'
in SYSTEMPATH\Database\MySQLi\Connection.php on line 327.
 1 SYSTEMPATH\Database\MySQLi\Connection.php(327): mysqli->query()
 2 SYSTEMPATH\Database\BaseConnection.php(738): CodeIgniter\Database\MySQLi\Connection->execute()
 3 SYSTEMPATH\Database\BaseConnection.php(652): CodeIgniter\Database\BaseConnection->simpleQuery()
 4 SYSTEMPATH\Database\BaseBuilder.php(2345): CodeIgniter\Database\BaseConnection->query()
 5 SYSTEMPATH\Model.php(394): CodeIgniter\Database\BaseBuilder->insert()
 6 SYSTEMPATH\BaseModel.php(843): CodeIgniter\Model->doInsert()
 7 SYSTEMPATH\Model.php(800): CodeIgniter\BaseModel->insert()
 8 APPPATH\Controllers\TransaksiAll.php(32): CodeIgniter\Model->insert()
 9 SYSTEMPATH\CodeIgniter.php(933): App\Controllers\TransaksiAll->store()
10 SYSTEMPATH\CodeIgniter.php(507): CodeIgniter\CodeIgniter->runController()
11 SYSTEMPATH\CodeIgniter.php(354): CodeIgniter\CodeIgniter->handleRequest()
12 SYSTEMPATH\Boot.php(334): CodeIgniter\CodeIgniter->run()
13 SYSTEMPATH\Boot.php(67): CodeIgniter\Boot::runCodeIgniter()
14 FCPATH\index.php(59): CodeIgniter\Boot::bootWeb()
15 SYSTEMPATH\rewrite.php(44): require_once('C:\\Users\\akhta\\Downloads\\SI-Keuangan\\ci4app\\public\\index.php')
CRITICAL - 2025-08-01 02:49:04 --> Error: Call to undefined function form_open()
[Method: GET, Route: transaksi_all]
in APPPATH\Views\includes\forms\all_input_form.php on line 4.
 1 SYSTEMPATH\View\View.php(224): include()
 2 SYSTEMPATH\View\View.php(227): CodeIgniter\View\View->{closure:CodeIgniter\View\View::render():221}()
 3 SYSTEMPATH\Common.php(1173): CodeIgniter\View\View->render()
 4 APPPATH\Views\transaksi_all.php(50): view()
 5 SYSTEMPATH\View\View.php(224): include('C:\\Users\\akhta\\Downloads\\SI-Keuangan\\ci4app\\app\\Views\\transaksi_all.php')
 6 SYSTEMPATH\View\View.php(227): CodeIgniter\View\View->{closure:CodeIgniter\View\View::render():221}()
 7 SYSTEMPATH\Common.php(1173): CodeIgniter\View\View->render()
 8 APPPATH\Controllers\TransaksiAll.php(26): view()
 9 SYSTEMPATH\CodeIgniter.php(933): App\Controllers\TransaksiAll->index()
10 SYSTEMPATH\CodeIgniter.php(507): CodeIgniter\CodeIgniter->runController()
11 SYSTEMPATH\CodeIgniter.php(354): CodeIgniter\CodeIgniter->handleRequest()
12 SYSTEMPATH\Boot.php(334): CodeIgniter\CodeIgniter->run()
13 SYSTEMPATH\Boot.php(67): CodeIgniter\Boot::runCodeIgniter()
14 FCPATH\index.php(59): CodeIgniter\Boot::bootWeb()
15 SYSTEMPATH\rewrite.php(44): require_once('C:\\Users\\akhta\\Downloads\\SI-Keuangan\\ci4app\\public\\index.php')
ERROR - 2025-08-01 02:53:01 --> mysqli_sql_exception: Column 'nama' cannot be null in C:\Users\akhta\Downloads\SI-Keuangan\ci4app\system\Database\MySQLi\Connection.php:327
Stack trace:
#0 C:\Users\akhta\Downloads\SI-Keuangan\ci4app\system\Database\MySQLi\Connection.php(327): mysqli->query()
#1 C:\Users\akhta\Downloads\SI-Keuangan\ci4app\system\Database\BaseConnection.php(738): CodeIgniter\Database\MySQLi\Connection->execute()
#2 C:\Users\akhta\Downloads\SI-Keuangan\ci4app\system\Database\BaseConnection.php(652): CodeIgniter\Database\BaseConnection->simpleQuery()
#3 C:\Users\akhta\Downloads\SI-Keuangan\ci4app\system\Database\BaseBuilder.php(2345): CodeIgniter\Database\BaseConnection->query()
#4 C:\Users\akhta\Downloads\SI-Keuangan\ci4app\system\Model.php(394): CodeIgniter\Database\BaseBuilder->insert()
#5 C:\Users\akhta\Downloads\SI-Keuangan\ci4app\system\BaseModel.php(843): CodeIgniter\Model->doInsert()
#6 C:\Users\akhta\Downloads\SI-Keuangan\ci4app\system\Model.php(800): CodeIgniter\BaseModel->insert()
#7 C:\Users\akhta\Downloads\SI-Keuangan\ci4app\app\Controllers\TransaksiAll.php(46): CodeIgniter\Model->insert()
#8 C:\Users\akhta\Downloads\SI-Keuangan\ci4app\system\CodeIgniter.php(933): App\Controllers\TransaksiAll->store()
#9 C:\Users\akhta\Downloads\SI-Keuangan\ci4app\system\CodeIgniter.php(507): CodeIgniter\CodeIgniter->runController()
#10 C:\Users\akhta\Downloads\SI-Keuangan\ci4app\system\CodeIgniter.php(354): CodeIgniter\CodeIgniter->handleRequest()
#11 C:\Users\akhta\Downloads\SI-Keuangan\ci4app\system\Boot.php(334): CodeIgniter\CodeIgniter->run()
#12 C:\Users\akhta\Downloads\SI-Keuangan\ci4app\system\Boot.php(67): CodeIgniter\Boot::runCodeIgniter()
#13 C:\Users\akhta\Downloads\SI-Keuangan\ci4app\public\index.php(59): CodeIgniter\Boot::bootWeb()
#14 C:\Users\akhta\Downloads\SI-Keuangan\ci4app\system\rewrite.php(44): require_once('...')
#15 {main}
CRITICAL - 2025-08-01 02:53:01 --> CodeIgniter\Database\Exceptions\DatabaseException: Column 'nama' cannot be null
[Method: POST, Route: transaksi_all/store]
in SYSTEMPATH\Database\BaseConnection.php on line 692.
 1 SYSTEMPATH\Database\BaseBuilder.php(2345): CodeIgniter\Database\BaseConnection->query()
 2 SYSTEMPATH\Model.php(394): CodeIgniter\Database\BaseBuilder->insert()
 3 SYSTEMPATH\BaseModel.php(843): CodeIgniter\Model->doInsert()
 4 SYSTEMPATH\Model.php(800): CodeIgniter\BaseModel->insert()
 5 APPPATH\Controllers\TransaksiAll.php(46): CodeIgniter\Model->insert()
 6 SYSTEMPATH\CodeIgniter.php(933): App\Controllers\TransaksiAll->store()
 7 SYSTEMPATH\CodeIgniter.php(507): CodeIgniter\CodeIgniter->runController()
 8 SYSTEMPATH\CodeIgniter.php(354): CodeIgniter\CodeIgniter->handleRequest()
 9 SYSTEMPATH\Boot.php(334): CodeIgniter\CodeIgniter->run()
10 SYSTEMPATH\Boot.php(67): CodeIgniter\Boot::runCodeIgniter()
11 FCPATH\index.php(59): CodeIgniter\Boot::bootWeb()
12 SYSTEMPATH\rewrite.php(44): require_once('C:\\Users\\akhta\\Downloads\\SI-Keuangan\\ci4app\\public\\index.php')
CRITICAL - 2025-08-01 02:53:01 --> [Caused by] CodeIgniter\Database\Exceptions\DatabaseException: Column 'nama' cannot be null
in SYSTEMPATH\Database\MySQLi\Connection.php on line 332.
 1 SYSTEMPATH\Database\BaseConnection.php(738): CodeIgniter\Database\MySQLi\Connection->execute()
 2 SYSTEMPATH\Database\BaseConnection.php(652): CodeIgniter\Database\BaseConnection->simpleQuery()
 3 SYSTEMPATH\Database\BaseBuilder.php(2345): CodeIgniter\Database\BaseConnection->query()
 4 SYSTEMPATH\Model.php(394): CodeIgniter\Database\BaseBuilder->insert()
 5 SYSTEMPATH\BaseModel.php(843): CodeIgniter\Model->doInsert()
 6 SYSTEMPATH\Model.php(800): CodeIgniter\BaseModel->insert()
 7 APPPATH\Controllers\TransaksiAll.php(46): CodeIgniter\Model->insert()
 8 SYSTEMPATH\CodeIgniter.php(933): App\Controllers\TransaksiAll->store()
 9 SYSTEMPATH\CodeIgniter.php(507): CodeIgniter\CodeIgniter->runController()
10 SYSTEMPATH\CodeIgniter.php(354): CodeIgniter\CodeIgniter->handleRequest()
11 SYSTEMPATH\Boot.php(334): CodeIgniter\CodeIgniter->run()
12 SYSTEMPATH\Boot.php(67): CodeIgniter\Boot::runCodeIgniter()
13 FCPATH\index.php(59): CodeIgniter\Boot::bootWeb()
14 SYSTEMPATH\rewrite.php(44): require_once('C:\\Users\\akhta\\Downloads\\SI-Keuangan\\ci4app\\public\\index.php')
CRITICAL - 2025-08-01 02:53:01 --> [Caused by] mysqli_sql_exception: Column 'nama' cannot be null
in SYSTEMPATH\Database\MySQLi\Connection.php on line 327.
 1 SYSTEMPATH\Database\MySQLi\Connection.php(327): mysqli->query()
 2 SYSTEMPATH\Database\BaseConnection.php(738): CodeIgniter\Database\MySQLi\Connection->execute()
 3 SYSTEMPATH\Database\BaseConnection.php(652): CodeIgniter\Database\BaseConnection->simpleQuery()
 4 SYSTEMPATH\Database\BaseBuilder.php(2345): CodeIgniter\Database\BaseConnection->query()
 5 SYSTEMPATH\Model.php(394): CodeIgniter\Database\BaseBuilder->insert()
 6 SYSTEMPATH\BaseModel.php(843): CodeIgniter\Model->doInsert()
 7 SYSTEMPATH\Model.php(800): CodeIgniter\BaseModel->insert()
 8 APPPATH\Controllers\TransaksiAll.php(46): CodeIgniter\Model->insert()
 9 SYSTEMPATH\CodeIgniter.php(933): App\Controllers\TransaksiAll->store()
10 SYSTEMPATH\CodeIgniter.php(507): CodeIgniter\CodeIgniter->runController()
11 SYSTEMPATH\CodeIgniter.php(354): CodeIgniter\CodeIgniter->handleRequest()
12 SYSTEMPATH\Boot.php(334): CodeIgniter\CodeIgniter->run()
13 SYSTEMPATH\Boot.php(67): CodeIgniter\Boot::runCodeIgniter()
14 FCPATH\index.php(59): CodeIgniter\Boot::bootWeb()
15 SYSTEMPATH\rewrite.php(44): require_once('C:\\Users\\akhta\\Downloads\\SI-Keuangan\\ci4app\\public\\index.php')
CRITICAL - 2025-08-01 02:55:41 --> ErrorException: Undefined array key "sub_bidang"
[Method: GET, Route: transaksi_all]
in APPPATH\Views\transaksi_all.php on line 82.
 1 APPPATH\Views\transaksi_all.php(82): CodeIgniter\Debug\Exceptions->errorHandler()
 2 SYSTEMPATH\View\View.php(224): include('C:\\Users\\akhta\\Downloads\\SI-Keuangan\\ci4app\\app\\Views\\transaksi_all.php')
 3 SYSTEMPATH\View\View.php(227): CodeIgniter\View\View->{closure:CodeIgniter\View\View::render():221}()
 4 SYSTEMPATH\Common.php(1173): CodeIgniter\View\View->render()
 5 APPPATH\Controllers\TransaksiAll.php(26): view()
 6 SYSTEMPATH\CodeIgniter.php(933): App\Controllers\TransaksiAll->index()
 7 SYSTEMPATH\CodeIgniter.php(507): CodeIgniter\CodeIgniter->runController()
 8 SYSTEMPATH\CodeIgniter.php(354): CodeIgniter\CodeIgniter->handleRequest()
 9 SYSTEMPATH\Boot.php(334): CodeIgniter\CodeIgniter->run()
10 SYSTEMPATH\Boot.php(67): CodeIgniter\Boot::runCodeIgniter()
11 FCPATH\index.php(59): CodeIgniter\Boot::bootWeb()
12 SYSTEMPATH\rewrite.php(44): require_once('C:\\Users\\akhta\\Downloads\\SI-Keuangan\\ci4app\\public\\index.php')
CRITICAL - 2025-08-01 02:58:36 --> ErrorException: Undefined array key "sub_bidang"
[Method: GET, Route: transaksi_all]
in APPPATH\Views\transaksi_all.php on line 82.
 1 APPPATH\Views\transaksi_all.php(82): CodeIgniter\Debug\Exceptions->errorHandler()
 2 SYSTEMPATH\View\View.php(224): include('C:\\Users\\akhta\\Downloads\\SI-Keuangan\\ci4app\\app\\Views\\transaksi_all.php')
 3 SYSTEMPATH\View\View.php(227): CodeIgniter\View\View->{closure:CodeIgniter\View\View::render():221}()
 4 SYSTEMPATH\Common.php(1173): CodeIgniter\View\View->render()
 5 APPPATH\Controllers\TransaksiAll.php(26): view()
 6 SYSTEMPATH\CodeIgniter.php(933): App\Controllers\TransaksiAll->index()
 7 SYSTEMPATH\CodeIgniter.php(507): CodeIgniter\CodeIgniter->runController()
 8 SYSTEMPATH\CodeIgniter.php(354): CodeIgniter\CodeIgniter->handleRequest()
 9 SYSTEMPATH\Boot.php(334): CodeIgniter\CodeIgniter->run()
10 SYSTEMPATH\Boot.php(67): CodeIgniter\Boot::runCodeIgniter()
11 FCPATH\index.php(59): CodeIgniter\Boot::bootWeb()
12 SYSTEMPATH\rewrite.php(44): require_once('C:\\Users\\akhta\\Downloads\\SI-Keuangan\\ci4app\\public\\index.php')
CRITICAL - 2025-08-01 03:05:57 --> CodeIgniter\View\Exceptions\ViewException: Invalid file: "includes/forms/edit_form.php"
[Method: GET, Route: transaksi_all]
in SYSTEMPATH\Exceptions\FrameworkException.php on line 39.
 1 SYSTEMPATH\View\View.php(212): CodeIgniter\Exceptions\FrameworkException::forInvalidFile()
 2 SYSTEMPATH\Common.php(1173): CodeIgniter\View\View->render()
 3 APPPATH\Views\transaksi_all.php(100): view()
 4 SYSTEMPATH\View\View.php(224): include('C:\\Users\\akhta\\Downloads\\SI-Keuangan\\ci4app\\app\\Views\\transaksi_all.php')
 5 SYSTEMPATH\View\View.php(227): CodeIgniter\View\View->{closure:CodeIgniter\View\View::render():221}()
 6 SYSTEMPATH\Common.php(1173): CodeIgniter\View\View->render()
 7 APPPATH\Controllers\TransaksiAll.php(26): view()
 8 SYSTEMPATH\CodeIgniter.php(933): App\Controllers\TransaksiAll->index()
 9 SYSTEMPATH\CodeIgniter.php(507): CodeIgniter\CodeIgniter->runController()
10 SYSTEMPATH\CodeIgniter.php(354): CodeIgniter\CodeIgniter->handleRequest()
11 SYSTEMPATH\Boot.php(334): CodeIgniter\CodeIgniter->run()
12 SYSTEMPATH\Boot.php(67): CodeIgniter\Boot::runCodeIgniter()
13 FCPATH\index.php(59): CodeIgniter\Boot::bootWeb()
14 SYSTEMPATH\rewrite.php(44): require_once('C:\\Users\\akhta\\Downloads\\SI-Keuangan\\ci4app\\public\\index.php')
CRITICAL - 2025-08-01 03:11:48 --> ErrorException: Undefined array key "jumlah_pengeluaran"
[Method: GET, Route: transaksi_all]
in APPPATH\Views\includes\forms\pengeluaran\edit_form.php on line 18.
 1 APPPATH\Views\includes\forms\pengeluaran\edit_form.php(18): CodeIgniter\Debug\Exceptions->errorHandler()
 2 SYSTEMPATH\View\View.php(224): include('C:\\Users\\akhta\\Downloads\\SI-Keuangan\\ci4app\\app\\Views\\includes\\forms\\pengeluaran\\edit_form.php')
 3 SYSTEMPATH\View\View.php(227): CodeIgniter\View\View->{closure:CodeIgniter\View\View::render():221}()
 4 SYSTEMPATH\Common.php(1173): CodeIgniter\View\View->render()
 5 APPPATH\Views\transaksi_all.php(100): view()
 6 SYSTEMPATH\View\View.php(224): include('C:\\Users\\akhta\\Downloads\\SI-Keuangan\\ci4app\\app\\Views\\transaksi_all.php')
 7 SYSTEMPATH\View\View.php(227): CodeIgniter\View\View->{closure:CodeIgniter\View\View::render():221}()
 8 SYSTEMPATH\Common.php(1173): CodeIgniter\View\View->render()
 9 APPPATH\Controllers\TransaksiAll.php(26): view()
10 SYSTEMPATH\CodeIgniter.php(933): App\Controllers\TransaksiAll->index()
11 SYSTEMPATH\CodeIgniter.php(507): CodeIgniter\CodeIgniter->runController()
12 SYSTEMPATH\CodeIgniter.php(354): CodeIgniter\CodeIgniter->handleRequest()
13 SYSTEMPATH\Boot.php(334): CodeIgniter\CodeIgniter->run()
14 SYSTEMPATH\Boot.php(67): CodeIgniter\Boot::runCodeIgniter()
15 FCPATH\index.php(59): CodeIgniter\Boot::bootWeb()
16 SYSTEMPATH\rewrite.php(44): require_once('C:\\Users\\akhta\\Downloads\\SI-Keuangan\\ci4app\\public\\index.php')
DEBUG - 2025-08-01 03:17:08 --> Session: Class initialized using 'CodeIgniter\Session\Handlers\FileHandler' driver.
DEBUG - 2025-08-01 03:17:38 --> Session: Class initialized using 'CodeIgniter\Session\Handlers\FileHandler' driver.
WARNING - 2025-08-01 03:17:38 --> [DEPRECATED] number_format(): Passing null to parameter #1 ($num) of type float is deprecated in APPPATH\Views\pengeluaran_kegiatan.php on line 85.
 1 APPPATH\Views\pengeluaran_kegiatan.php(85): number_format(null, 0, ',', '.')
 2 SYSTEMPATH\View\View.php(224): include('C:\\Users\\akhta\\Downloads\\SI-Keuangan\\ci4app\\app\\Views\\pengeluaran_kegiatan.php')
 3 SYSTEMPATH\View\View.php(227): CodeIgniter\View\View->{closure:CodeIgniter\View\View::render():221}()
 4 SYSTEMPATH\Common.php(1173): CodeIgniter\View\View->render('pengeluaran_kegiatan', [], true)
 5 APPPATH\Controllers\PengeluaranKegiatan.php(15): view('pengeluaran_kegiatan', [...])
 6 SYSTEMPATH\CodeIgniter.php(933): App\Controllers\PengeluaranKegiatan->index()
 7 SYSTEMPATH\CodeIgniter.php(507): CodeIgniter\CodeIgniter->runController(Object(App\Controllers\PengeluaranKegiatan))
 8 SYSTEMPATH\CodeIgniter.php(354): CodeIgniter\CodeIgniter->handleRequest(null, Object(Config\Cache), false)
 9 SYSTEMPATH\Boot.php(334): CodeIgniter\CodeIgniter->run()
10 SYSTEMPATH\Boot.php(67): CodeIgniter\Boot::runCodeIgniter(Object(CodeIgniter\CodeIgniter))
11 FCPATH\index.php(59): CodeIgniter\Boot::bootWeb(Object(Config\Paths))
12 SYSTEMPATH\rewrite.php(44): require_once('C:\\Users\\akhta\\Downloads\\SI-Keuangan\\ci4app\\public\\index.php')
WARNING - 2025-08-01 03:17:38 --> [DEPRECATED] number_format(): Passing null to parameter #1 ($num) of type float is deprecated in APPPATH\Views\pengeluaran_kegiatan.php on line 86.
 1 APPPATH\Views\pengeluaran_kegiatan.php(86): number_format(null, 0, ',', '.')
 2 SYSTEMPATH\View\View.php(224): include('C:\\Users\\akhta\\Downloads\\SI-Keuangan\\ci4app\\app\\Views\\pengeluaran_kegiatan.php')
 3 SYSTEMPATH\View\View.php(227): CodeIgniter\View\View->{closure:CodeIgniter\View\View::render():221}()
 4 SYSTEMPATH\Common.php(1173): CodeIgniter\View\View->render('pengeluaran_kegiatan', [], true)
 5 APPPATH\Controllers\PengeluaranKegiatan.php(15): view('pengeluaran_kegiatan', [...])
 6 SYSTEMPATH\CodeIgniter.php(933): App\Controllers\PengeluaranKegiatan->index()
 7 SYSTEMPATH\CodeIgniter.php(507): CodeIgniter\CodeIgniter->runController(Object(App\Controllers\PengeluaranKegiatan))
 8 SYSTEMPATH\CodeIgniter.php(354): CodeIgniter\CodeIgniter->handleRequest(null, Object(Config\Cache), false)
 9 SYSTEMPATH\Boot.php(334): CodeIgniter\CodeIgniter->run()
10 SYSTEMPATH\Boot.php(67): CodeIgniter\Boot::runCodeIgniter(Object(CodeIgniter\CodeIgniter))
11 FCPATH\index.php(59): CodeIgniter\Boot::bootWeb(Object(Config\Paths))
12 SYSTEMPATH\rewrite.php(44): require_once('C:\\Users\\akhta\\Downloads\\SI-Keuangan\\ci4app\\public\\index.php')
DEBUG - 2025-08-01 03:17:55 --> Session: Class initialized using 'CodeIgniter\Session\Handlers\FileHandler' driver.
CRITICAL - 2025-08-01 03:57:23 --> Error: Call to undefined method App\Controllers\TransaksiAll::cetakPdf()
[Method: GET, Route: transaksi_all/cetak]
in APPPATH\Controllers\TransaksiAll.php on line 101.
 1 SYSTEMPATH\CodeIgniter.php(933): App\Controllers\TransaksiAll->cetak()
 2 SYSTEMPATH\CodeIgniter.php(507): CodeIgniter\CodeIgniter->runController()
 3 SYSTEMPATH\CodeIgniter.php(354): CodeIgniter\CodeIgniter->handleRequest()
 4 SYSTEMPATH\Boot.php(334): CodeIgniter\CodeIgniter->run()
 5 SYSTEMPATH\Boot.php(67): CodeIgniter\Boot::runCodeIgniter()
 6 FCPATH\index.php(59): CodeIgniter\Boot::bootWeb()
 7 SYSTEMPATH\rewrite.php(44): require_once('C:\\Users\\akhta\\Downloads\\SI-Keuangan\\ci4app\\public\\index.php')
CRITICAL - 2025-08-01 06:47:56 --> ErrorException: Undefined variable $pengeluaran
[Method: GET, Route: pemasukan_input]
in APPPATH\Views\pemasukan_input.php on line 72.
 1 APPPATH\Views\pemasukan_input.php(72): CodeIgniter\Debug\Exceptions->errorHandler()
 2 SYSTEMPATH\View\View.php(224): include('C:\\Users\\akhta\\Downloads\\SI-Keuangan\\ci4app\\app\\Views\\pemasukan_input.php')
 3 SYSTEMPATH\View\View.php(227): CodeIgniter\View\View->{closure:CodeIgniter\View\View::render():221}()
 4 SYSTEMPATH\Common.php(1173): CodeIgniter\View\View->render()
 5 APPPATH\Controllers\Pemasukan.php(16): view()
 6 SYSTEMPATH\CodeIgniter.php(933): App\Controllers\Pemasukan->index()
 7 SYSTEMPATH\CodeIgniter.php(507): CodeIgniter\CodeIgniter->runController()
 8 SYSTEMPATH\CodeIgniter.php(354): CodeIgniter\CodeIgniter->handleRequest()
 9 SYSTEMPATH\Boot.php(334): CodeIgniter\CodeIgniter->run()
10 SYSTEMPATH\Boot.php(67): CodeIgniter\Boot::runCodeIgniter()
11 FCPATH\index.php(59): CodeIgniter\Boot::bootWeb()
12 SYSTEMPATH\rewrite.php(44): require_once('C:\\Users\\akhta\\Downloads\\SI-Keuangan\\ci4app\\public\\index.php')
CRITICAL - 2025-08-01 06:48:54 --> ErrorException: Undefined variable $pengeluaran
[Method: GET, Route: pemasukan_input]
in APPPATH\Views\pemasukan_input.php on line 72.
 1 APPPATH\Views\pemasukan_input.php(72): CodeIgniter\Debug\Exceptions->errorHandler()
 2 SYSTEMPATH\View\View.php(224): include('C:\\Users\\akhta\\Downloads\\SI-Keuangan\\ci4app\\app\\Views\\pemasukan_input.php')
 3 SYSTEMPATH\View\View.php(227): CodeIgniter\View\View->{closure:CodeIgniter\View\View::render():221}()
 4 SYSTEMPATH\Common.php(1173): CodeIgniter\View\View->render()
 5 APPPATH\Controllers\Pemasukan.php(16): view()
 6 SYSTEMPATH\CodeIgniter.php(933): App\Controllers\Pemasukan->index()
 7 SYSTEMPATH\CodeIgniter.php(507): CodeIgniter\CodeIgniter->runController()
 8 SYSTEMPATH\CodeIgniter.php(354): CodeIgniter\CodeIgniter->handleRequest()
 9 SYSTEMPATH\Boot.php(334): CodeIgniter\CodeIgniter->run()
10 SYSTEMPATH\Boot.php(67): CodeIgniter\Boot::runCodeIgniter()
11 FCPATH\index.php(59): CodeIgniter\Boot::bootWeb()
12 SYSTEMPATH\rewrite.php(44): require_once('C:\\Users\\akhta\\Downloads\\SI-Keuangan\\ci4app\\public\\index.php')
CRITICAL - 2025-08-01 07:12:34 --> ErrorException: Undefined variable $row
[Method: GET, Route: pemasukan_input]
in APPPATH\Views\pemasukan_input.php on line 54.
 1 APPPATH\Views\pemasukan_input.php(54): CodeIgniter\Debug\Exceptions->errorHandler()
 2 SYSTEMPATH\View\View.php(224): include('C:\\Users\\akhta\\Downloads\\SI-Keuangan\\ci4app\\app\\Views\\pemasukan_input.php')
 3 SYSTEMPATH\View\View.php(227): CodeIgniter\View\View->{closure:CodeIgniter\View\View::render():221}()
 4 SYSTEMPATH\Common.php(1173): CodeIgniter\View\View->render()
 5 APPPATH\Controllers\Pemasukan.php(16): view()
 6 SYSTEMPATH\CodeIgniter.php(933): App\Controllers\Pemasukan->index()
 7 SYSTEMPATH\CodeIgniter.php(507): CodeIgniter\CodeIgniter->runController()
 8 SYSTEMPATH\CodeIgniter.php(354): CodeIgniter\CodeIgniter->handleRequest()
 9 SYSTEMPATH\Boot.php(334): CodeIgniter\CodeIgniter->run()
10 SYSTEMPATH\Boot.php(67): CodeIgniter\Boot::runCodeIgniter()
11 FCPATH\index.php(59): CodeIgniter\Boot::bootWeb()
12 SYSTEMPATH\rewrite.php(44): require_once('C:\\Users\\akhta\\Downloads\\SI-Keuangan\\ci4app\\public\\index.php')
CRITICAL - 2025-08-01 12:34:29 --> ErrorException: Undefined variable $row
[Method: GET, Route: pengeluaran_subbidang]
in APPPATH\Views\includes\forms\konfirmasi\hapus.php on line 1.
 1 APPPATH\Views\includes\forms\konfirmasi\hapus.php(1): CodeIgniter\Debug\Exceptions->errorHandler()
 2 SYSTEMPATH\View\View.php(224): include('C:\\Users\\akhta\\Downloads\\SI-Keuangan\\ci4app\\app\\Views\\includes\\forms\\konfirmasi\\hapus.php')
 3 SYSTEMPATH\View\View.php(227): CodeIgniter\View\View->{closure:CodeIgniter\View\View::render():221}()
 4 SYSTEMPATH\Common.php(1173): CodeIgniter\View\View->render()
 5 APPPATH\Views\pengeluaran_subbidang.php(100): view()
 6 SYSTEMPATH\View\View.php(224): include('C:\\Users\\akhta\\Downloads\\SI-Keuangan\\ci4app\\app\\Views\\pengeluaran_subbidang.php')
 7 SYSTEMPATH\View\View.php(227): CodeIgniter\View\View->{closure:CodeIgniter\View\View::render():221}()
 8 SYSTEMPATH\Common.php(1173): CodeIgniter\View\View->render()
 9 APPPATH\Controllers\PengeluaranSubbidang.php(9): view()
10 SYSTEMPATH\CodeIgniter.php(933): App\Controllers\PengeluaranSubbidang->index()
11 SYSTEMPATH\CodeIgniter.php(507): CodeIgniter\CodeIgniter->runController()
12 SYSTEMPATH\CodeIgniter.php(354): CodeIgniter\CodeIgniter->handleRequest()
13 SYSTEMPATH\Boot.php(334): CodeIgniter\CodeIgniter->run()
14 SYSTEMPATH\Boot.php(67): CodeIgniter\Boot::runCodeIgniter()
15 FCPATH\index.php(59): CodeIgniter\Boot::bootWeb()
16 SYSTEMPATH\rewrite.php(44): require_once('C:\\Users\\akhta\\Downloads\\SI-Keuangan\\ci4app\\public\\index.php')
CRITICAL - 2025-08-01 13:36:51 --> CodeIgniter\View\Exceptions\ViewException: Invalid file: "subbidang.php"
[Method: GET, Route: pengeluaran_subbidang]
in SYSTEMPATH\Exceptions\FrameworkException.php on line 39.
 1 SYSTEMPATH\View\View.php(212): CodeIgniter\Exceptions\FrameworkException::forInvalidFile()
 2 SYSTEMPATH\Common.php(1173): CodeIgniter\View\View->render()
 3 APPPATH\Controllers\PengeluaranSubbidang.php(12): view()
 4 SYSTEMPATH\CodeIgniter.php(933): App\Controllers\PengeluaranSubbidang->index()
 5 SYSTEMPATH\CodeIgniter.php(507): CodeIgniter\CodeIgniter->runController()
 6 SYSTEMPATH\CodeIgniter.php(354): CodeIgniter\CodeIgniter->handleRequest()
 7 SYSTEMPATH\Boot.php(334): CodeIgniter\CodeIgniter->run()
 8 SYSTEMPATH\Boot.php(67): CodeIgniter\Boot::runCodeIgniter()
 9 FCPATH\index.php(59): CodeIgniter\Boot::bootWeb()
10 SYSTEMPATH\rewrite.php(44): require_once('C:\\Users\\akhta\\Downloads\\SI-Keuangan\\ci4app\\public\\index.php')
CRITICAL - 2025-08-01 16:15:13 --> ErrorException: include(C:\Users\akhta\Downloads\SI-Keuangan\ci4app\app\Views/includes/navbar.php): Failed to open stream: No such file or directory
[Method: GET, Route: pengeluaran_subbidang]
in APPPATH\Views\pengeluaran_subbidang.php on line 27.
 1 APPPATH\Views\pengeluaran_subbidang.php(27): CodeIgniter\Debug\Exceptions->errorHandler()
 2 APPPATH\Views\pengeluaran_subbidang.php(27): include()
 3 SYSTEMPATH\View\View.php(224): include('C:\\Users\\akhta\\Downloads\\SI-Keuangan\\ci4app\\app\\Views\\pengeluaran_subbidang.php')
 4 SYSTEMPATH\View\View.php(227): CodeIgniter\View\View->{closure:CodeIgniter\View\View::render():221}()
 5 SYSTEMPATH\Common.php(1173): CodeIgniter\View\View->render()
 6 APPPATH\Controllers\PengeluaranSubbidang.php(10): view()
 7 SYSTEMPATH\CodeIgniter.php(933): App\Controllers\PengeluaranSubbidang->index()
 8 SYSTEMPATH\CodeIgniter.php(507): CodeIgniter\CodeIgniter->runController()
 9 SYSTEMPATH\CodeIgniter.php(354): CodeIgniter\CodeIgniter->handleRequest()
10 SYSTEMPATH\Boot.php(334): CodeIgniter\CodeIgniter->run()
11 SYSTEMPATH\Boot.php(67): CodeIgniter\Boot::runCodeIgniter()
12 FCPATH\index.php(59): CodeIgniter\Boot::bootWeb()
13 SYSTEMPATH\rewrite.php(44): require_once('C:\\Users\\akhta\\Downloads\\SI-Keuangan\\ci4app\\public\\index.php')
CRITICAL - 2025-08-01 16:22:06 --> ErrorException: include(Views/includes/header.php): Failed to open stream: No such file or directory
[Method: GET, Route: pengeluaran_subbidang]
in APPPATH\Views\pengeluaran_subbidang.php on line 24.
 1 APPPATH\Views\pengeluaran_subbidang.php(24): CodeIgniter\Debug\Exceptions->errorHandler()
 2 APPPATH\Views\pengeluaran_subbidang.php(24): include()
 3 SYSTEMPATH\View\View.php(224): include('C:\\Users\\akhta\\Downloads\\SI-Keuangan\\ci4app\\app\\Views\\pengeluaran_subbidang.php')
 4 SYSTEMPATH\View\View.php(227): CodeIgniter\View\View->{closure:CodeIgniter\View\View::render():221}()
 5 SYSTEMPATH\Common.php(1173): CodeIgniter\View\View->render()
 6 APPPATH\Controllers\PengeluaranSubbidang.php(10): view()
 7 SYSTEMPATH\CodeIgniter.php(933): App\Controllers\PengeluaranSubbidang->index()
 8 SYSTEMPATH\CodeIgniter.php(507): CodeIgniter\CodeIgniter->runController()
 9 SYSTEMPATH\CodeIgniter.php(354): CodeIgniter\CodeIgniter->handleRequest()
10 SYSTEMPATH\Boot.php(334): CodeIgniter\CodeIgniter->run()
11 SYSTEMPATH\Boot.php(67): CodeIgniter\Boot::runCodeIgniter()
12 FCPATH\index.php(59): CodeIgniter\Boot::bootWeb()
13 SYSTEMPATH\rewrite.php(44): require_once('C:\\Users\\akhta\\Downloads\\SI-Keuangan\\ci4app\\public\\index.php')
CRITICAL - 2025-08-01 17:18:18 --> ErrorException: Undefined variable $row
[Method: GET, Route: pengeluaran_subbidang]
in APPPATH\Views\includes\forms\pengeluaran\subbidang_edit_form.php on line 1.
 1 APPPATH\Views\includes\forms\pengeluaran\subbidang_edit_form.php(1): CodeIgniter\Debug\Exceptions->errorHandler()
 2 SYSTEMPATH\View\View.php(224): include('C:\\Users\\akhta\\Downloads\\SI-Keuangan\\ci4app\\app\\Views\\includes\\forms\\pengeluaran\\subbidang_edit_form.php')
 3 SYSTEMPATH\View\View.php(227): CodeIgniter\View\View->{closure:CodeIgniter\View\View::render():221}()
 4 SYSTEMPATH\Common.php(1173): CodeIgniter\View\View->render()
 5 APPPATH\Views\pengeluaran_subbidang.php(87): view()
 6 SYSTEMPATH\View\View.php(224): include('C:\\Users\\akhta\\Downloads\\SI-Keuangan\\ci4app\\app\\Views\\pengeluaran_subbidang.php')
 7 SYSTEMPATH\View\View.php(227): CodeIgniter\View\View->{closure:CodeIgniter\View\View::render():221}()
 8 SYSTEMPATH\Common.php(1173): CodeIgniter\View\View->render()
 9 APPPATH\Controllers\PengeluaranSubbidang.php(10): view()
10 SYSTEMPATH\CodeIgniter.php(933): App\Controllers\PengeluaranSubbidang->index()
11 SYSTEMPATH\CodeIgniter.php(507): CodeIgniter\CodeIgniter->runController()
12 SYSTEMPATH\CodeIgniter.php(354): CodeIgniter\CodeIgniter->handleRequest()
13 SYSTEMPATH\Boot.php(334): CodeIgniter\CodeIgniter->run()
14 SYSTEMPATH\Boot.php(67): CodeIgniter\Boot::runCodeIgniter()
15 FCPATH\index.php(59): CodeIgniter\Boot::bootWeb()
16 SYSTEMPATH\rewrite.php(44): require_once('C:\\Users\\akhta\\Downloads\\SI-Keuangan\\ci4app\\public\\index.php')
