CRITICAL - 2025-07-28 07:50:33 --> ErrorException: include(includes/header.php): Failed to open stream: No such file or directory
[Method: GET, Route: /]
in APPPATH\Views\index.php on line 28.
 1 APPPATH\Views\index.php(28): CodeIgniter\Debug\Exceptions->errorHandler()
 2 APPPATH\Views\index.php(28): include()
 3 SYSTEMPATH\View\View.php(224): include('C:\\Users\\akhta\\Downloads\\SI-Keuangan\\ci4app\\app\\Views\\index.php')
 4 SYSTEMPATH\View\View.php(227): CodeIgniter\View\View->{closure:CodeIgniter\View\View::render():221}()
 5 SYSTEMPATH\Common.php(1173): CodeIgniter\View\View->render()
 6 APPPATH\Controllers\Home.php(9): view()
 7 SYSTEMPATH\CodeIgniter.php(933): App\Controllers\Home->index()
 8 SYSTEMPATH\CodeIgniter.php(507): CodeIgniter\CodeIgniter->runController()
 9 SYSTEMPATH\CodeIgniter.php(354): CodeIgniter\CodeIgniter->handleRequest()
10 SYSTEMPATH\Boot.php(334): CodeIgniter\CodeIgniter->run()
11 SYSTEMPATH\Boot.php(67): CodeIgniter\Boot::runCodeIgniter()
12 FCPATH\index.php(59): CodeIgniter\Boot::bootWeb()
13 SYSTEMPATH\rewrite.php(44): require_once('C:\\Users\\akhta\\Downloads\\SI-Keuangan\\ci4app\\public\\index.php')
CRITICAL - 2025-07-28 08:47:17 --> ErrorException: include(includes/forms/pemasukan/input_form.php): Failed to open stream: No such file or directory
[Method: GET, Route: pemasukan_input]
in APPPATH\Views\pemasukan_input.php on line 52.
 1 APPPATH\Views\pemasukan_input.php(52): CodeIgniter\Debug\Exceptions->errorHandler()
 2 APPPATH\Views\pemasukan_input.php(52): include()
 3 SYSTEMPATH\View\View.php(224): include('C:\\Users\\akhta\\Downloads\\SI-Keuangan\\ci4app\\app\\Views\\pemasukan_input.php')
 4 SYSTEMPATH\View\View.php(227): CodeIgniter\View\View->{closure:CodeIgniter\View\View::render():221}()
 5 SYSTEMPATH\Common.php(1173): CodeIgniter\View\View->render()
 6 APPPATH\Controllers\Pemasukan.php(9): view()
 7 SYSTEMPATH\CodeIgniter.php(933): App\Controllers\Pemasukan->input()
 8 SYSTEMPATH\CodeIgniter.php(507): CodeIgniter\CodeIgniter->runController()
 9 SYSTEMPATH\CodeIgniter.php(354): CodeIgniter\CodeIgniter->handleRequest()
10 SYSTEMPATH\Boot.php(334): CodeIgniter\CodeIgniter->run()
11 SYSTEMPATH\Boot.php(67): CodeIgniter\Boot::runCodeIgniter()
12 FCPATH\index.php(59): CodeIgniter\Boot::bootWeb()
13 SYSTEMPATH\rewrite.php(44): require_once('C:\\Users\\akhta\\Downloads\\SI-Keuangan\\ci4app\\public\\index.php')
CRITICAL - 2025-07-28 08:53:11 --> ErrorException: include(includes/forms/pemasukan/input_form.php): Failed to open stream: No such file or directory
[Method: GET, Route: pemasukan_input]
in APPPATH\Views\pemasukan_input.php on line 52.
 1 APPPATH\Views\pemasukan_input.php(52): CodeIgniter\Debug\Exceptions->errorHandler()
 2 APPPATH\Views\pemasukan_input.php(52): include()
 3 SYSTEMPATH\View\View.php(224): include('C:\\Users\\akhta\\Downloads\\SI-Keuangan\\ci4app\\app\\Views\\pemasukan_input.php')
 4 SYSTEMPATH\View\View.php(227): CodeIgniter\View\View->{closure:CodeIgniter\View\View::render():221}()
 5 SYSTEMPATH\Common.php(1173): CodeIgniter\View\View->render()
 6 APPPATH\Controllers\Pemasukan.php(9): view()
 7 SYSTEMPATH\CodeIgniter.php(933): App\Controllers\Pemasukan->input()
 8 SYSTEMPATH\CodeIgniter.php(507): CodeIgniter\CodeIgniter->runController()
 9 SYSTEMPATH\CodeIgniter.php(354): CodeIgniter\CodeIgniter->handleRequest()
10 SYSTEMPATH\Boot.php(334): CodeIgniter\CodeIgniter->run()
11 SYSTEMPATH\Boot.php(67): CodeIgniter\Boot::runCodeIgniter()
12 FCPATH\index.php(59): CodeIgniter\Boot::bootWeb()
13 SYSTEMPATH\rewrite.php(44): require_once('C:\\Users\\akhta\\Downloads\\SI-Keuangan\\ci4app\\public\\index.php')
CRITICAL - 2025-07-28 09:03:41 --> ErrorException: include(includes/forms/pemasukan/input_form.php): Failed to open stream: No such file or directory
[Method: GET, Route: pemasukan_input]
in APPPATH\Views\pemasukan_input.php on line 52.
 1 APPPATH\Views\pemasukan_input.php(52): CodeIgniter\Debug\Exceptions->errorHandler()
 2 APPPATH\Views\pemasukan_input.php(52): include()
 3 SYSTEMPATH\View\View.php(224): include('C:\\Users\\akhta\\Downloads\\SI-Keuangan\\ci4app\\app\\Views\\pemasukan_input.php')
 4 SYSTEMPATH\View\View.php(227): CodeIgniter\View\View->{closure:CodeIgniter\View\View::render():221}()
 5 SYSTEMPATH\Common.php(1173): CodeIgniter\View\View->render()
 6 APPPATH\Controllers\Pemasukan.php(9): view()
 7 SYSTEMPATH\CodeIgniter.php(933): App\Controllers\Pemasukan->input()
 8 SYSTEMPATH\CodeIgniter.php(507): CodeIgniter\CodeIgniter->runController()
 9 SYSTEMPATH\CodeIgniter.php(354): CodeIgniter\CodeIgniter->handleRequest()
10 SYSTEMPATH\Boot.php(334): CodeIgniter\CodeIgniter->run()
11 SYSTEMPATH\Boot.php(67): CodeIgniter\Boot::runCodeIgniter()
12 FCPATH\index.php(59): CodeIgniter\Boot::bootWeb()
13 SYSTEMPATH\rewrite.php(44): require_once('C:\\Users\\akhta\\Downloads\\SI-Keuangan\\ci4app\\public\\index.php')
CRITICAL - 2025-07-28 09:09:23 --> CodeIgniter\View\Exceptions\ViewException: Invalid file: "includes/forms/pemasukan/input_form.php"
[Method: GET, Route: pemasukan_input]
in SYSTEMPATH\Exceptions\FrameworkException.php on line 39.
 1 SYSTEMPATH\View\View.php(212): CodeIgniter\Exceptions\FrameworkException::forInvalidFile()
 2 SYSTEMPATH\Common.php(1173): CodeIgniter\View\View->render()
 3 APPPATH\Views\pemasukan_input.php(52): view()
 4 SYSTEMPATH\View\View.php(224): include('C:\\Users\\akhta\\Downloads\\SI-Keuangan\\ci4app\\app\\Views\\pemasukan_input.php')
 5 SYSTEMPATH\View\View.php(227): CodeIgniter\View\View->{closure:CodeIgniter\View\View::render():221}()
 6 SYSTEMPATH\Common.php(1173): CodeIgniter\View\View->render()
 7 APPPATH\Controllers\Pemasukan.php(9): view()
 8 SYSTEMPATH\CodeIgniter.php(933): App\Controllers\Pemasukan->input()
 9 SYSTEMPATH\CodeIgniter.php(507): CodeIgniter\CodeIgniter->runController()
10 SYSTEMPATH\CodeIgniter.php(354): CodeIgniter\CodeIgniter->handleRequest()
11 SYSTEMPATH\Boot.php(334): CodeIgniter\CodeIgniter->run()
12 SYSTEMPATH\Boot.php(67): CodeIgniter\Boot::runCodeIgniter()
13 FCPATH\index.php(59): CodeIgniter\Boot::bootWeb()
14 SYSTEMPATH\rewrite.php(44): require_once('C:\\Users\\akhta\\Downloads\\SI-Keuangan\\ci4app\\public\\index.php')
