CRITICAL - 2025-07-31 02:03:18 --> CodeIgniter\View\Exceptions\ViewException: Invalid file: "includes/navbar.php"
[Method: GET, Route: pengeluaran_input]
in SYSTEMPATH\Exceptions\FrameworkException.php on line 39.
 1 SYSTEMPATH\View\View.php(212): CodeIgniter\Exceptions\FrameworkException::forInvalidFile()
 2 SYSTEMPATH\View\View.php(475): CodeIgniter\View\View->render()
 3 APPPATH\Views\pengeluaran_input.php(23): CodeIgniter\View\View->include()
 4 SYSTEMPATH\View\View.php(224): include('C:\\Users\\akhta\\Downloads\\SI-Keuangan\\ci4app\\app\\Views\\pengeluaran_input.php')
 5 SYSTEMPATH\View\View.php(227): CodeIgniter\View\View->{closure:CodeIgniter\View\View::render():221}()
 6 SYSTEMPATH\Common.php(1173): CodeIgniter\View\View->render()
 7 APPPATH\Controllers\Pengeluaran.php(13): view()
 8 SYSTEMPATH\CodeIgniter.php(933): App\Controllers\Pengeluaran->index()
 9 SYSTEMPATH\CodeIgniter.php(507): CodeIgniter\CodeIgniter->runController()
10 SYSTEMPATH\CodeIgniter.php(354): CodeIgniter\CodeIgniter->handleRequest()
11 SYSTEMPATH\Boot.php(334): CodeIgniter\CodeIgniter->run()
12 SYSTEMPATH\Boot.php(67): CodeIgniter\Boot::runCodeIgniter()
13 FCPATH\index.php(59): CodeIgniter\Boot::bootWeb()
14 SYSTEMPATH\rewrite.php(44): require_once('C:\\Users\\akhta\\Downloads\\SI-Keuangan\\ci4app\\public\\index.php')
ERROR - 2025-07-31 02:17:05 --> mysqli_sql_exception: Column 'nama' cannot be null in C:\Users\akhta\Downloads\SI-Keuangan\ci4app\system\Database\MySQLi\Connection.php:327
Stack trace:
#0 C:\Users\akhta\Downloads\SI-Keuangan\ci4app\system\Database\MySQLi\Connection.php(327): mysqli->query()
#1 C:\Users\akhta\Downloads\SI-Keuangan\ci4app\system\Database\BaseConnection.php(738): CodeIgniter\Database\MySQLi\Connection->execute()
#2 C:\Users\akhta\Downloads\SI-Keuangan\ci4app\system\Database\BaseConnection.php(652): CodeIgniter\Database\BaseConnection->simpleQuery()
#3 C:\Users\akhta\Downloads\SI-Keuangan\ci4app\system\Database\BaseBuilder.php(2345): CodeIgniter\Database\BaseConnection->query()
#4 C:\Users\akhta\Downloads\SI-Keuangan\ci4app\system\Model.php(394): CodeIgniter\Database\BaseBuilder->insert()
#5 C:\Users\akhta\Downloads\SI-Keuangan\ci4app\system\BaseModel.php(843): CodeIgniter\Model->doInsert()
#6 C:\Users\akhta\Downloads\SI-Keuangan\ci4app\system\Model.php(800): CodeIgniter\BaseModel->insert()
#7 C:\Users\akhta\Downloads\SI-Keuangan\ci4app\app\Controllers\Pengeluaran.php(37): CodeIgniter\Model->insert()
#8 C:\Users\akhta\Downloads\SI-Keuangan\ci4app\system\CodeIgniter.php(933): App\Controllers\Pengeluaran->store()
#9 C:\Users\akhta\Downloads\SI-Keuangan\ci4app\system\CodeIgniter.php(507): CodeIgniter\CodeIgniter->runController()
#10 C:\Users\akhta\Downloads\SI-Keuangan\ci4app\system\CodeIgniter.php(354): CodeIgniter\CodeIgniter->handleRequest()
#11 C:\Users\akhta\Downloads\SI-Keuangan\ci4app\system\Boot.php(334): CodeIgniter\CodeIgniter->run()
#12 C:\Users\akhta\Downloads\SI-Keuangan\ci4app\system\Boot.php(67): CodeIgniter\Boot::runCodeIgniter()
#13 C:\Users\akhta\Downloads\SI-Keuangan\ci4app\public\index.php(59): CodeIgniter\Boot::bootWeb()
#14 C:\Users\akhta\Downloads\SI-Keuangan\ci4app\system\rewrite.php(44): require_once('...')
#15 {main}
CRITICAL - 2025-07-31 02:17:05 --> CodeIgniter\Database\Exceptions\DatabaseException: Column 'nama' cannot be null
[Method: POST, Route: pengeluaran/store]
in SYSTEMPATH\Database\BaseConnection.php on line 692.
 1 SYSTEMPATH\Database\BaseBuilder.php(2345): CodeIgniter\Database\BaseConnection->query()
 2 SYSTEMPATH\Model.php(394): CodeIgniter\Database\BaseBuilder->insert()
 3 SYSTEMPATH\BaseModel.php(843): CodeIgniter\Model->doInsert()
 4 SYSTEMPATH\Model.php(800): CodeIgniter\BaseModel->insert()
 5 APPPATH\Controllers\Pengeluaran.php(37): CodeIgniter\Model->insert()
 6 SYSTEMPATH\CodeIgniter.php(933): App\Controllers\Pengeluaran->store()
 7 SYSTEMPATH\CodeIgniter.php(507): CodeIgniter\CodeIgniter->runController()
 8 SYSTEMPATH\CodeIgniter.php(354): CodeIgniter\CodeIgniter->handleRequest()
 9 SYSTEMPATH\Boot.php(334): CodeIgniter\CodeIgniter->run()
10 SYSTEMPATH\Boot.php(67): CodeIgniter\Boot::runCodeIgniter()
11 FCPATH\index.php(59): CodeIgniter\Boot::bootWeb()
12 SYSTEMPATH\rewrite.php(44): require_once('C:\\Users\\akhta\\Downloads\\SI-Keuangan\\ci4app\\public\\index.php')
CRITICAL - 2025-07-31 02:17:05 --> [Caused by] CodeIgniter\Database\Exceptions\DatabaseException: Column 'nama' cannot be null
in SYSTEMPATH\Database\MySQLi\Connection.php on line 332.
 1 SYSTEMPATH\Database\BaseConnection.php(738): CodeIgniter\Database\MySQLi\Connection->execute()
 2 SYSTEMPATH\Database\BaseConnection.php(652): CodeIgniter\Database\BaseConnection->simpleQuery()
 3 SYSTEMPATH\Database\BaseBuilder.php(2345): CodeIgniter\Database\BaseConnection->query()
 4 SYSTEMPATH\Model.php(394): CodeIgniter\Database\BaseBuilder->insert()
 5 SYSTEMPATH\BaseModel.php(843): CodeIgniter\Model->doInsert()
 6 SYSTEMPATH\Model.php(800): CodeIgniter\BaseModel->insert()
 7 APPPATH\Controllers\Pengeluaran.php(37): CodeIgniter\Model->insert()
 8 SYSTEMPATH\CodeIgniter.php(933): App\Controllers\Pengeluaran->store()
 9 SYSTEMPATH\CodeIgniter.php(507): CodeIgniter\CodeIgniter->runController()
10 SYSTEMPATH\CodeIgniter.php(354): CodeIgniter\CodeIgniter->handleRequest()
11 SYSTEMPATH\Boot.php(334): CodeIgniter\CodeIgniter->run()
12 SYSTEMPATH\Boot.php(67): CodeIgniter\Boot::runCodeIgniter()
13 FCPATH\index.php(59): CodeIgniter\Boot::bootWeb()
14 SYSTEMPATH\rewrite.php(44): require_once('C:\\Users\\akhta\\Downloads\\SI-Keuangan\\ci4app\\public\\index.php')
CRITICAL - 2025-07-31 02:17:05 --> [Caused by] mysqli_sql_exception: Column 'nama' cannot be null
in SYSTEMPATH\Database\MySQLi\Connection.php on line 327.
 1 SYSTEMPATH\Database\MySQLi\Connection.php(327): mysqli->query()
 2 SYSTEMPATH\Database\BaseConnection.php(738): CodeIgniter\Database\MySQLi\Connection->execute()
 3 SYSTEMPATH\Database\BaseConnection.php(652): CodeIgniter\Database\BaseConnection->simpleQuery()
 4 SYSTEMPATH\Database\BaseBuilder.php(2345): CodeIgniter\Database\BaseConnection->query()
 5 SYSTEMPATH\Model.php(394): CodeIgniter\Database\BaseBuilder->insert()
 6 SYSTEMPATH\BaseModel.php(843): CodeIgniter\Model->doInsert()
 7 SYSTEMPATH\Model.php(800): CodeIgniter\BaseModel->insert()
 8 APPPATH\Controllers\Pengeluaran.php(37): CodeIgniter\Model->insert()
 9 SYSTEMPATH\CodeIgniter.php(933): App\Controllers\Pengeluaran->store()
10 SYSTEMPATH\CodeIgniter.php(507): CodeIgniter\CodeIgniter->runController()
11 SYSTEMPATH\CodeIgniter.php(354): CodeIgniter\CodeIgniter->handleRequest()
12 SYSTEMPATH\Boot.php(334): CodeIgniter\CodeIgniter->run()
13 SYSTEMPATH\Boot.php(67): CodeIgniter\Boot::runCodeIgniter()
14 FCPATH\index.php(59): CodeIgniter\Boot::bootWeb()
15 SYSTEMPATH\rewrite.php(44): require_once('C:\\Users\\akhta\\Downloads\\SI-Keuangan\\ci4app\\public\\index.php')
CRITICAL - 2025-07-31 02:39:41 --> ErrorException: Undefined array key "jumlah"
[Method: GET, Route: pengeluaran_input]
in APPPATH\Views\includes\forms\konfirmasi\hapus.php on line 11.
 1 APPPATH\Views\includes\forms\konfirmasi\hapus.php(11): CodeIgniter\Debug\Exceptions->errorHandler()
 2 SYSTEMPATH\View\View.php(224): include('C:\\Users\\akhta\\Downloads\\SI-Keuangan\\ci4app\\app\\Views\\includes\\forms\\konfirmasi\\hapus.php')
 3 SYSTEMPATH\View\View.php(227): CodeIgniter\View\View->{closure:CodeIgniter\View\View::render():221}()
 4 SYSTEMPATH\Common.php(1173): CodeIgniter\View\View->render()
 5 APPPATH\Views\pengeluaran_input.php(97): view()
 6 SYSTEMPATH\View\View.php(224): include('C:\\Users\\akhta\\Downloads\\SI-Keuangan\\ci4app\\app\\Views\\pengeluaran_input.php')
 7 SYSTEMPATH\View\View.php(227): CodeIgniter\View\View->{closure:CodeIgniter\View\View::render():221}()
 8 SYSTEMPATH\Common.php(1173): CodeIgniter\View\View->render()
 9 APPPATH\Controllers\Pengeluaran.php(13): view()
10 SYSTEMPATH\CodeIgniter.php(933): App\Controllers\Pengeluaran->index()
11 SYSTEMPATH\CodeIgniter.php(507): CodeIgniter\CodeIgniter->runController()
12 SYSTEMPATH\CodeIgniter.php(354): CodeIgniter\CodeIgniter->handleRequest()
13 SYSTEMPATH\Boot.php(334): CodeIgniter\CodeIgniter->run()
14 SYSTEMPATH\Boot.php(67): CodeIgniter\Boot::runCodeIgniter()
15 FCPATH\index.php(59): CodeIgniter\Boot::bootWeb()
16 SYSTEMPATH\rewrite.php(44): require_once('C:\\Users\\akhta\\Downloads\\SI-Keuangan\\ci4app\\public\\index.php')
CRITICAL - 2025-07-31 03:03:30 --> ErrorException: Trait "Dompdf\Dompdf\Dompdf" not found
[Method: GET, Route: pengeluaran_input]
in APPPATH\Controllers\Pengeluaran.php on line 10.
 1 [internal function]: CodeIgniter\Debug\Exceptions->shutdownHandler()
CRITICAL - 2025-07-31 03:08:59 --> CodeIgniter\View\Exceptions\ViewException: Invalid file: "laporan/pengeluaran_pdf.php"
[Method: POST, Route: pengeluaran/cetak]
in SYSTEMPATH\Exceptions\FrameworkException.php on line 39.
 1 SYSTEMPATH\View\View.php(212): CodeIgniter\Exceptions\FrameworkException::forInvalidFile()
 2 SYSTEMPATH\Common.php(1173): CodeIgniter\View\View->render()
 3 APPPATH\Controllers\Pengeluaran.php(123): view()
 4 SYSTEMPATH\CodeIgniter.php(933): App\Controllers\Pengeluaran->cetak()
 5 SYSTEMPATH\CodeIgniter.php(507): CodeIgniter\CodeIgniter->runController()
 6 SYSTEMPATH\CodeIgniter.php(354): CodeIgniter\CodeIgniter->handleRequest()
 7 SYSTEMPATH\Boot.php(334): CodeIgniter\CodeIgniter->run()
 8 SYSTEMPATH\Boot.php(67): CodeIgniter\Boot::runCodeIgniter()
 9 FCPATH\index.php(59): CodeIgniter\Boot::bootWeb()
10 SYSTEMPATH\rewrite.php(44): require_once('C:\\Users\\akhta\\Downloads\\SI-Keuangan\\ci4app\\public\\index.php')
CRITICAL - 2025-07-31 03:10:29 --> CodeIgniter\View\Exceptions\ViewException: Invalid file: "laporan/pengeluaran_pdf.php"
[Method: POST, Route: pengeluaran/cetak]
in SYSTEMPATH\Exceptions\FrameworkException.php on line 39.
 1 SYSTEMPATH\View\View.php(212): CodeIgniter\Exceptions\FrameworkException::forInvalidFile()
 2 SYSTEMPATH\Common.php(1173): CodeIgniter\View\View->render()
 3 APPPATH\Controllers\Pengeluaran.php(123): view()
 4 SYSTEMPATH\CodeIgniter.php(933): App\Controllers\Pengeluaran->cetak()
 5 SYSTEMPATH\CodeIgniter.php(507): CodeIgniter\CodeIgniter->runController()
 6 SYSTEMPATH\CodeIgniter.php(354): CodeIgniter\CodeIgniter->handleRequest()
 7 SYSTEMPATH\Boot.php(334): CodeIgniter\CodeIgniter->run()
 8 SYSTEMPATH\Boot.php(67): CodeIgniter\Boot::runCodeIgniter()
 9 FCPATH\index.php(59): CodeIgniter\Boot::bootWeb()
10 SYSTEMPATH\rewrite.php(44): require_once('C:\\Users\\akhta\\Downloads\\SI-Keuangan\\ci4app\\public\\index.php')
CRITICAL - 2025-07-31 03:16:53 --> CodeIgniter\View\Exceptions\ViewException: Invalid file: "laporan/pengeluaran_pdf.php"
[Method: POST, Route: pengeluaran/cetak]
in SYSTEMPATH\Exceptions\FrameworkException.php on line 39.
 1 SYSTEMPATH\View\View.php(212): CodeIgniter\Exceptions\FrameworkException::forInvalidFile()
 2 SYSTEMPATH\Common.php(1173): CodeIgniter\View\View->render()
 3 APPPATH\Controllers\Pengeluaran.php(123): view()
 4 SYSTEMPATH\CodeIgniter.php(933): App\Controllers\Pengeluaran->cetak()
 5 SYSTEMPATH\CodeIgniter.php(507): CodeIgniter\CodeIgniter->runController()
 6 SYSTEMPATH\CodeIgniter.php(354): CodeIgniter\CodeIgniter->handleRequest()
 7 SYSTEMPATH\Boot.php(334): CodeIgniter\CodeIgniter->run()
 8 SYSTEMPATH\Boot.php(67): CodeIgniter\Boot::runCodeIgniter()
 9 FCPATH\index.php(59): CodeIgniter\Boot::bootWeb()
10 SYSTEMPATH\rewrite.php(44): require_once('C:\\Users\\akhta\\Downloads\\SI-Keuangan\\ci4app\\public\\index.php')
CRITICAL - 2025-07-31 03:19:02 --> CodeIgniter\View\Exceptions\ViewException: Invalid file: "laporan/pengeluaran_pdf.php"
[Method: POST, Route: pengeluaran/cetak]
in SYSTEMPATH\Exceptions\FrameworkException.php on line 39.
 1 SYSTEMPATH\View\View.php(212): CodeIgniter\Exceptions\FrameworkException::forInvalidFile()
 2 SYSTEMPATH\Common.php(1173): CodeIgniter\View\View->render()
 3 APPPATH\Controllers\Pengeluaran.php(123): view()
 4 SYSTEMPATH\CodeIgniter.php(933): App\Controllers\Pengeluaran->cetak()
 5 SYSTEMPATH\CodeIgniter.php(507): CodeIgniter\CodeIgniter->runController()
 6 SYSTEMPATH\CodeIgniter.php(354): CodeIgniter\CodeIgniter->handleRequest()
 7 SYSTEMPATH\Boot.php(334): CodeIgniter\CodeIgniter->run()
 8 SYSTEMPATH\Boot.php(67): CodeIgniter\Boot::runCodeIgniter()
 9 FCPATH\index.php(59): CodeIgniter\Boot::bootWeb()
10 SYSTEMPATH\rewrite.php(44): require_once('C:\\Users\\akhta\\Downloads\\SI-Keuangan\\ci4app\\public\\index.php')
CRITICAL - 2025-07-31 03:19:06 --> CodeIgniter\View\Exceptions\ViewException: Invalid file: "laporan/pengeluaran_pdf.php"
[Method: POST, Route: pengeluaran/cetak]
in SYSTEMPATH\Exceptions\FrameworkException.php on line 39.
 1 SYSTEMPATH\View\View.php(212): CodeIgniter\Exceptions\FrameworkException::forInvalidFile()
 2 SYSTEMPATH\Common.php(1173): CodeIgniter\View\View->render()
 3 APPPATH\Controllers\Pengeluaran.php(123): view()
 4 SYSTEMPATH\CodeIgniter.php(933): App\Controllers\Pengeluaran->cetak()
 5 SYSTEMPATH\CodeIgniter.php(507): CodeIgniter\CodeIgniter->runController()
 6 SYSTEMPATH\CodeIgniter.php(354): CodeIgniter\CodeIgniter->handleRequest()
 7 SYSTEMPATH\Boot.php(334): CodeIgniter\CodeIgniter->run()
 8 SYSTEMPATH\Boot.php(67): CodeIgniter\Boot::runCodeIgniter()
 9 FCPATH\index.php(59): CodeIgniter\Boot::bootWeb()
10 SYSTEMPATH\rewrite.php(44): require_once('C:\\Users\\akhta\\Downloads\\SI-Keuangan\\ci4app\\public\\index.php')
CRITICAL - 2025-07-31 03:19:24 --> CodeIgniter\View\Exceptions\ViewException: Invalid file: "laporan/pengeluaran_pdf.php"
[Method: POST, Route: pengeluaran/cetak]
in SYSTEMPATH\Exceptions\FrameworkException.php on line 39.
 1 SYSTEMPATH\View\View.php(212): CodeIgniter\Exceptions\FrameworkException::forInvalidFile()
 2 SYSTEMPATH\Common.php(1173): CodeIgniter\View\View->render()
 3 APPPATH\Controllers\Pengeluaran.php(123): view()
 4 SYSTEMPATH\CodeIgniter.php(933): App\Controllers\Pengeluaran->cetak()
 5 SYSTEMPATH\CodeIgniter.php(507): CodeIgniter\CodeIgniter->runController()
 6 SYSTEMPATH\CodeIgniter.php(354): CodeIgniter\CodeIgniter->handleRequest()
 7 SYSTEMPATH\Boot.php(334): CodeIgniter\CodeIgniter->run()
 8 SYSTEMPATH\Boot.php(67): CodeIgniter\Boot::runCodeIgniter()
 9 FCPATH\index.php(59): CodeIgniter\Boot::bootWeb()
10 SYSTEMPATH\rewrite.php(44): require_once('C:\\Users\\akhta\\Downloads\\SI-Keuangan\\ci4app\\public\\index.php')
DEBUG - 2025-07-31 04:23:16 --> Session: Class initialized using 'CodeIgniter\Session\Handlers\FileHandler' driver.
WARNING - 2025-07-31 04:23:17 --> [DEPRECATED] number_format(): Passing null to parameter #1 ($num) of type float is deprecated in APPPATH\Views\pengeluaran_kegiatan.php on line 77.
 1 APPPATH\Views\pengeluaran_kegiatan.php(77): number_format(null, 0, ',', '.')
 2 SYSTEMPATH\View\View.php(224): include('C:\\Users\\akhta\\Downloads\\SI-Keuangan\\ci4app\\app\\Views\\pengeluaran_kegiatan.php')
 3 SYSTEMPATH\View\View.php(227): CodeIgniter\View\View->{closure:CodeIgniter\View\View::render():221}()
 4 SYSTEMPATH\Common.php(1173): CodeIgniter\View\View->render('pengeluaran_kegiatan', [], true)
 5 APPPATH\Controllers\PengeluaranKegiatan.php(15): view('pengeluaran_kegiatan', [...])
 6 SYSTEMPATH\CodeIgniter.php(933): App\Controllers\PengeluaranKegiatan->index()
 7 SYSTEMPATH\CodeIgniter.php(507): CodeIgniter\CodeIgniter->runController(Object(App\Controllers\PengeluaranKegiatan))
 8 SYSTEMPATH\CodeIgniter.php(354): CodeIgniter\CodeIgniter->handleRequest(null, Object(Config\Cache), false)
 9 SYSTEMPATH\Boot.php(334): CodeIgniter\CodeIgniter->run()
10 SYSTEMPATH\Boot.php(67): CodeIgniter\Boot::runCodeIgniter(Object(CodeIgniter\CodeIgniter))
11 FCPATH\index.php(59): CodeIgniter\Boot::bootWeb(Object(Config\Paths))
12 SYSTEMPATH\rewrite.php(44): require_once('C:\\Users\\akhta\\Downloads\\SI-Keuangan\\ci4app\\public\\index.php')
WARNING - 2025-07-31 04:23:17 --> [DEPRECATED] number_format(): Passing null to parameter #1 ($num) of type float is deprecated in APPPATH\Views\pengeluaran_kegiatan.php on line 78.
 1 APPPATH\Views\pengeluaran_kegiatan.php(78): number_format(null, 0, ',', '.')
 2 SYSTEMPATH\View\View.php(224): include('C:\\Users\\akhta\\Downloads\\SI-Keuangan\\ci4app\\app\\Views\\pengeluaran_kegiatan.php')
 3 SYSTEMPATH\View\View.php(227): CodeIgniter\View\View->{closure:CodeIgniter\View\View::render():221}()
 4 SYSTEMPATH\Common.php(1173): CodeIgniter\View\View->render('pengeluaran_kegiatan', [], true)
 5 APPPATH\Controllers\PengeluaranKegiatan.php(15): view('pengeluaran_kegiatan', [...])
 6 SYSTEMPATH\CodeIgniter.php(933): App\Controllers\PengeluaranKegiatan->index()
 7 SYSTEMPATH\CodeIgniter.php(507): CodeIgniter\CodeIgniter->runController(Object(App\Controllers\PengeluaranKegiatan))
 8 SYSTEMPATH\CodeIgniter.php(354): CodeIgniter\CodeIgniter->handleRequest(null, Object(Config\Cache), false)
 9 SYSTEMPATH\Boot.php(334): CodeIgniter\CodeIgniter->run()
10 SYSTEMPATH\Boot.php(67): CodeIgniter\Boot::runCodeIgniter(Object(CodeIgniter\CodeIgniter))
11 FCPATH\index.php(59): CodeIgniter\Boot::bootWeb(Object(Config\Paths))
12 SYSTEMPATH\rewrite.php(44): require_once('C:\\Users\\akhta\\Downloads\\SI-Keuangan\\ci4app\\public\\index.php')
WARNING - 2025-07-31 04:26:16 --> [DEPRECATED] number_format(): Passing null to parameter #1 ($num) of type float is deprecated in APPPATH\Views\pengeluaran_kegiatan.php on line 77.
 1 APPPATH\Views\pengeluaran_kegiatan.php(77): number_format(null, 0, ',', '.')
 2 SYSTEMPATH\View\View.php(224): include('C:\\Users\\akhta\\Downloads\\SI-Keuangan\\ci4app\\app\\Views\\pengeluaran_kegiatan.php')
 3 SYSTEMPATH\View\View.php(227): CodeIgniter\View\View->{closure:CodeIgniter\View\View::render():221}()
 4 SYSTEMPATH\Common.php(1173): CodeIgniter\View\View->render('pengeluaran_kegiatan', [], true)
 5 APPPATH\Controllers\PengeluaranKegiatan.php(15): view('pengeluaran_kegiatan', [...])
 6 SYSTEMPATH\CodeIgniter.php(933): App\Controllers\PengeluaranKegiatan->index()
 7 SYSTEMPATH\CodeIgniter.php(507): CodeIgniter\CodeIgniter->runController(Object(App\Controllers\PengeluaranKegiatan))
 8 SYSTEMPATH\CodeIgniter.php(354): CodeIgniter\CodeIgniter->handleRequest(null, Object(Config\Cache), false)
 9 SYSTEMPATH\Boot.php(334): CodeIgniter\CodeIgniter->run()
10 SYSTEMPATH\Boot.php(67): CodeIgniter\Boot::runCodeIgniter(Object(CodeIgniter\CodeIgniter))
11 FCPATH\index.php(59): CodeIgniter\Boot::bootWeb(Object(Config\Paths))
12 SYSTEMPATH\rewrite.php(44): require_once('C:\\Users\\akhta\\Downloads\\SI-Keuangan\\ci4app\\public\\index.php')
WARNING - 2025-07-31 04:26:16 --> [DEPRECATED] number_format(): Passing null to parameter #1 ($num) of type float is deprecated in APPPATH\Views\pengeluaran_kegiatan.php on line 78.
 1 APPPATH\Views\pengeluaran_kegiatan.php(78): number_format(null, 0, ',', '.')
 2 SYSTEMPATH\View\View.php(224): include('C:\\Users\\akhta\\Downloads\\SI-Keuangan\\ci4app\\app\\Views\\pengeluaran_kegiatan.php')
 3 SYSTEMPATH\View\View.php(227): CodeIgniter\View\View->{closure:CodeIgniter\View\View::render():221}()
 4 SYSTEMPATH\Common.php(1173): CodeIgniter\View\View->render('pengeluaran_kegiatan', [], true)
 5 APPPATH\Controllers\PengeluaranKegiatan.php(15): view('pengeluaran_kegiatan', [...])
 6 SYSTEMPATH\CodeIgniter.php(933): App\Controllers\PengeluaranKegiatan->index()
 7 SYSTEMPATH\CodeIgniter.php(507): CodeIgniter\CodeIgniter->runController(Object(App\Controllers\PengeluaranKegiatan))
 8 SYSTEMPATH\CodeIgniter.php(354): CodeIgniter\CodeIgniter->handleRequest(null, Object(Config\Cache), false)
 9 SYSTEMPATH\Boot.php(334): CodeIgniter\CodeIgniter->run()
10 SYSTEMPATH\Boot.php(67): CodeIgniter\Boot::runCodeIgniter(Object(CodeIgniter\CodeIgniter))
11 FCPATH\index.php(59): CodeIgniter\Boot::bootWeb(Object(Config\Paths))
12 SYSTEMPATH\rewrite.php(44): require_once('C:\\Users\\akhta\\Downloads\\SI-Keuangan\\ci4app\\public\\index.php')
WARNING - 2025-07-31 04:32:56 --> [DEPRECATED] number_format(): Passing null to parameter #1 ($num) of type float is deprecated in APPPATH\Views\pengeluaran_kegiatan.php on line 77.
 1 APPPATH\Views\pengeluaran_kegiatan.php(77): number_format(null, 0, ',', '.')
 2 SYSTEMPATH\View\View.php(224): include('C:\\Users\\akhta\\Downloads\\SI-Keuangan\\ci4app\\app\\Views\\pengeluaran_kegiatan.php')
 3 SYSTEMPATH\View\View.php(227): CodeIgniter\View\View->{closure:CodeIgniter\View\View::render():221}()
 4 SYSTEMPATH\Common.php(1173): CodeIgniter\View\View->render('pengeluaran_kegiatan', [], true)
 5 APPPATH\Controllers\PengeluaranKegiatan.php(15): view('pengeluaran_kegiatan', [...])
 6 SYSTEMPATH\CodeIgniter.php(933): App\Controllers\PengeluaranKegiatan->index()
 7 SYSTEMPATH\CodeIgniter.php(507): CodeIgniter\CodeIgniter->runController(Object(App\Controllers\PengeluaranKegiatan))
 8 SYSTEMPATH\CodeIgniter.php(354): CodeIgniter\CodeIgniter->handleRequest(null, Object(Config\Cache), false)
 9 SYSTEMPATH\Boot.php(334): CodeIgniter\CodeIgniter->run()
10 SYSTEMPATH\Boot.php(67): CodeIgniter\Boot::runCodeIgniter(Object(CodeIgniter\CodeIgniter))
11 FCPATH\index.php(59): CodeIgniter\Boot::bootWeb(Object(Config\Paths))
12 SYSTEMPATH\rewrite.php(44): require_once('C:\\Users\\akhta\\Downloads\\SI-Keuangan\\ci4app\\public\\index.php')
WARNING - 2025-07-31 04:32:56 --> [DEPRECATED] number_format(): Passing null to parameter #1 ($num) of type float is deprecated in APPPATH\Views\pengeluaran_kegiatan.php on line 78.
 1 APPPATH\Views\pengeluaran_kegiatan.php(78): number_format(null, 0, ',', '.')
 2 SYSTEMPATH\View\View.php(224): include('C:\\Users\\akhta\\Downloads\\SI-Keuangan\\ci4app\\app\\Views\\pengeluaran_kegiatan.php')
 3 SYSTEMPATH\View\View.php(227): CodeIgniter\View\View->{closure:CodeIgniter\View\View::render():221}()
 4 SYSTEMPATH\Common.php(1173): CodeIgniter\View\View->render('pengeluaran_kegiatan', [], true)
 5 APPPATH\Controllers\PengeluaranKegiatan.php(15): view('pengeluaran_kegiatan', [...])
 6 SYSTEMPATH\CodeIgniter.php(933): App\Controllers\PengeluaranKegiatan->index()
 7 SYSTEMPATH\CodeIgniter.php(507): CodeIgniter\CodeIgniter->runController(Object(App\Controllers\PengeluaranKegiatan))
 8 SYSTEMPATH\CodeIgniter.php(354): CodeIgniter\CodeIgniter->handleRequest(null, Object(Config\Cache), false)
 9 SYSTEMPATH\Boot.php(334): CodeIgniter\CodeIgniter->run()
10 SYSTEMPATH\Boot.php(67): CodeIgniter\Boot::runCodeIgniter(Object(CodeIgniter\CodeIgniter))
11 FCPATH\index.php(59): CodeIgniter\Boot::bootWeb(Object(Config\Paths))
12 SYSTEMPATH\rewrite.php(44): require_once('C:\\Users\\akhta\\Downloads\\SI-Keuangan\\ci4app\\public\\index.php')
DEBUG - 2025-07-31 04:33:11 --> Session: Class initialized using 'CodeIgniter\Session\Handlers\FileHandler' driver.
DEBUG - 2025-07-31 04:33:28 --> Session: Class initialized using 'CodeIgniter\Session\Handlers\FileHandler' driver.
CRITICAL - 2025-07-31 04:36:47 --> CodeIgniter\View\Exceptions\ViewException: Invalid file: "pengeluaran_kegiatan_print_pdf.php"
[Method: POST, Route: pengeluaran_kegiatan/cetak]
in SYSTEMPATH\Exceptions\FrameworkException.php on line 39.
 1 SYSTEMPATH\View\View.php(212): CodeIgniter\Exceptions\FrameworkException::forInvalidFile()
 2 SYSTEMPATH\Common.php(1173): CodeIgniter\View\View->render()
 3 APPPATH\Controllers\PengeluaranKegiatan.php(54): view()
 4 SYSTEMPATH\CodeIgniter.php(933): App\Controllers\PengeluaranKegiatan->cetak()
 5 SYSTEMPATH\CodeIgniter.php(507): CodeIgniter\CodeIgniter->runController()
 6 SYSTEMPATH\CodeIgniter.php(354): CodeIgniter\CodeIgniter->handleRequest()
 7 SYSTEMPATH\Boot.php(334): CodeIgniter\CodeIgniter->run()
 8 SYSTEMPATH\Boot.php(67): CodeIgniter\Boot::runCodeIgniter()
 9 FCPATH\index.php(59): CodeIgniter\Boot::bootWeb()
10 SYSTEMPATH\rewrite.php(44): require_once('C:\\Users\\akhta\\Downloads\\SI-Keuangan\\ci4app\\public\\index.php')
CRITICAL - 2025-07-31 04:37:40 --> CodeIgniter\View\Exceptions\ViewException: Invalid file: "pengeluaran_kegiatan_print_pdf.php"
[Method: POST, Route: pengeluaran_kegiatan/cetak]
in SYSTEMPATH\Exceptions\FrameworkException.php on line 39.
 1 SYSTEMPATH\View\View.php(212): CodeIgniter\Exceptions\FrameworkException::forInvalidFile()
 2 SYSTEMPATH\Common.php(1173): CodeIgniter\View\View->render()
 3 APPPATH\Controllers\PengeluaranKegiatan.php(54): view()
 4 SYSTEMPATH\CodeIgniter.php(933): App\Controllers\PengeluaranKegiatan->cetak()
 5 SYSTEMPATH\CodeIgniter.php(507): CodeIgniter\CodeIgniter->runController()
 6 SYSTEMPATH\CodeIgniter.php(354): CodeIgniter\CodeIgniter->handleRequest()
 7 SYSTEMPATH\Boot.php(334): CodeIgniter\CodeIgniter->run()
 8 SYSTEMPATH\Boot.php(67): CodeIgniter\Boot::runCodeIgniter()
 9 FCPATH\index.php(59): CodeIgniter\Boot::bootWeb()
10 SYSTEMPATH\rewrite.php(44): require_once('C:\\Users\\akhta\\Downloads\\SI-Keuangan\\ci4app\\public\\index.php')
CRITICAL - 2025-07-31 04:41:07 --> CodeIgniter\View\Exceptions\ViewException: Invalid file: "pengeluaran_kegiatan_print.php"
[Method: POST, Route: pengeluaran_kegiatan/cetak]
in SYSTEMPATH\Exceptions\FrameworkException.php on line 39.
 1 SYSTEMPATH\View\View.php(212): CodeIgniter\Exceptions\FrameworkException::forInvalidFile()
 2 SYSTEMPATH\Common.php(1173): CodeIgniter\View\View->render()
 3 APPPATH\Controllers\PengeluaranKegiatan.php(52): view()
 4 SYSTEMPATH\CodeIgniter.php(933): App\Controllers\PengeluaranKegiatan->cetak()
 5 SYSTEMPATH\CodeIgniter.php(507): CodeIgniter\CodeIgniter->runController()
 6 SYSTEMPATH\CodeIgniter.php(354): CodeIgniter\CodeIgniter->handleRequest()
 7 SYSTEMPATH\Boot.php(334): CodeIgniter\CodeIgniter->run()
 8 SYSTEMPATH\Boot.php(67): CodeIgniter\Boot::runCodeIgniter()
 9 FCPATH\index.php(59): CodeIgniter\Boot::bootWeb()
10 SYSTEMPATH\rewrite.php(44): require_once('C:\\Users\\akhta\\Downloads\\SI-Keuangan\\ci4app\\public\\index.php')
CRITICAL - 2025-07-31 04:51:18 --> CodeIgniter\View\Exceptions\ViewException: Invalid file: "pengeluaran_kegiatan_print.php"
[Method: POST, Route: pengeluaran_kegiatan/cetak]
in SYSTEMPATH\Exceptions\FrameworkException.php on line 39.
 1 SYSTEMPATH\View\View.php(212): CodeIgniter\Exceptions\FrameworkException::forInvalidFile()
 2 SYSTEMPATH\Common.php(1173): CodeIgniter\View\View->render()
 3 APPPATH\Controllers\PengeluaranKegiatan.php(57): view()
 4 SYSTEMPATH\CodeIgniter.php(933): App\Controllers\PengeluaranKegiatan->cetak()
 5 SYSTEMPATH\CodeIgniter.php(507): CodeIgniter\CodeIgniter->runController()
 6 SYSTEMPATH\CodeIgniter.php(354): CodeIgniter\CodeIgniter->handleRequest()
 7 SYSTEMPATH\Boot.php(334): CodeIgniter\CodeIgniter->run()
 8 SYSTEMPATH\Boot.php(67): CodeIgniter\Boot::runCodeIgniter()
 9 FCPATH\index.php(59): CodeIgniter\Boot::bootWeb()
10 SYSTEMPATH\rewrite.php(44): require_once('C:\\Users\\akhta\\Downloads\\SI-Keuangan\\ci4app\\public\\index.php')
CRITICAL - 2025-07-31 04:53:03 --> CodeIgniter\View\Exceptions\ViewException: Invalid file: "pengeluaran_kegiatan_print.php"
[Method: POST, Route: pengeluaran_kegiatan/cetak]
in SYSTEMPATH\Exceptions\FrameworkException.php on line 39.
 1 SYSTEMPATH\View\View.php(212): CodeIgniter\Exceptions\FrameworkException::forInvalidFile()
 2 SYSTEMPATH\Common.php(1173): CodeIgniter\View\View->render()
 3 APPPATH\Controllers\PengeluaranKegiatan.php(57): view()
 4 SYSTEMPATH\CodeIgniter.php(933): App\Controllers\PengeluaranKegiatan->cetak()
 5 SYSTEMPATH\CodeIgniter.php(507): CodeIgniter\CodeIgniter->runController()
 6 SYSTEMPATH\CodeIgniter.php(354): CodeIgniter\CodeIgniter->handleRequest()
 7 SYSTEMPATH\Boot.php(334): CodeIgniter\CodeIgniter->run()
 8 SYSTEMPATH\Boot.php(67): CodeIgniter\Boot::runCodeIgniter()
 9 FCPATH\index.php(59): CodeIgniter\Boot::bootWeb()
10 SYSTEMPATH\rewrite.php(44): require_once('C:\\Users\\akhta\\Downloads\\SI-Keuangan\\ci4app\\public\\index.php')
CRITICAL - 2025-07-31 04:53:07 --> CodeIgniter\View\Exceptions\ViewException: Invalid file: "pengeluaran_kegiatan_print.php"
[Method: POST, Route: pengeluaran_kegiatan/cetak]
in SYSTEMPATH\Exceptions\FrameworkException.php on line 39.
 1 SYSTEMPATH\View\View.php(212): CodeIgniter\Exceptions\FrameworkException::forInvalidFile()
 2 SYSTEMPATH\Common.php(1173): CodeIgniter\View\View->render()
 3 APPPATH\Controllers\PengeluaranKegiatan.php(57): view()
 4 SYSTEMPATH\CodeIgniter.php(933): App\Controllers\PengeluaranKegiatan->cetak()
 5 SYSTEMPATH\CodeIgniter.php(507): CodeIgniter\CodeIgniter->runController()
 6 SYSTEMPATH\CodeIgniter.php(354): CodeIgniter\CodeIgniter->handleRequest()
 7 SYSTEMPATH\Boot.php(334): CodeIgniter\CodeIgniter->run()
 8 SYSTEMPATH\Boot.php(67): CodeIgniter\Boot::runCodeIgniter()
 9 FCPATH\index.php(59): CodeIgniter\Boot::bootWeb()
10 SYSTEMPATH\rewrite.php(44): require_once('C:\\Users\\akhta\\Downloads\\SI-Keuangan\\ci4app\\public\\index.php')
CRITICAL - 2025-07-31 05:07:20 --> ErrorException: Undefined variable $actionUrl
[Method: GET, Route: pengeluaran_kegiatan_each/1]
in APPPATH\Views\includes\forms\konfirmasi\hapus.php on line 4.
 1 APPPATH\Views\includes\forms\konfirmasi\hapus.php(4): CodeIgniter\Debug\Exceptions->errorHandler()
 2 SYSTEMPATH\View\View.php(224): include('C:\\Users\\akhta\\Downloads\\SI-Keuangan\\ci4app\\app\\Views\\includes\\forms\\konfirmasi\\hapus.php')
 3 SYSTEMPATH\View\View.php(227): CodeIgniter\View\View->{closure:CodeIgniter\View\View::render():221}()
 4 SYSTEMPATH\Common.php(1173): CodeIgniter\View\View->render()
 5 APPPATH\Views\pengeluaran_kegiatan_each.php(90): view()
 6 SYSTEMPATH\View\View.php(224): include('C:\\Users\\akhta\\Downloads\\SI-Keuangan\\ci4app\\app\\Views\\pengeluaran_kegiatan_each.php')
 7 SYSTEMPATH\View\View.php(227): CodeIgniter\View\View->{closure:CodeIgniter\View\View::render():221}()
 8 SYSTEMPATH\Common.php(1173): CodeIgniter\View\View->render()
 9 APPPATH\Controllers\PengeluaranKegiatan.php(158): view()
10 SYSTEMPATH\CodeIgniter.php(933): App\Controllers\PengeluaranKegiatan->show()
11 SYSTEMPATH\CodeIgniter.php(507): CodeIgniter\CodeIgniter->runController()
12 SYSTEMPATH\CodeIgniter.php(354): CodeIgniter\CodeIgniter->handleRequest()
13 SYSTEMPATH\Boot.php(334): CodeIgniter\CodeIgniter->run()
14 SYSTEMPATH\Boot.php(67): CodeIgniter\Boot::runCodeIgniter()
15 FCPATH\index.php(59): CodeIgniter\Boot::bootWeb()
16 SYSTEMPATH\rewrite.php(44): require_once('C:\\Users\\akhta\\Downloads\\SI-Keuangan\\ci4app\\public\\index.php')
CRITICAL - 2025-07-31 05:11:50 --> ErrorException: Undefined variable $actionUrl
[Method: GET, Route: pengeluaran_kegiatan_each/1]
in APPPATH\Views\includes\forms\konfirmasi\hapus.php on line 4.
 1 APPPATH\Views\includes\forms\konfirmasi\hapus.php(4): CodeIgniter\Debug\Exceptions->errorHandler()
 2 SYSTEMPATH\View\View.php(224): include('C:\\Users\\akhta\\Downloads\\SI-Keuangan\\ci4app\\app\\Views\\includes\\forms\\konfirmasi\\hapus.php')
 3 SYSTEMPATH\View\View.php(227): CodeIgniter\View\View->{closure:CodeIgniter\View\View::render():221}()
 4 SYSTEMPATH\Common.php(1173): CodeIgniter\View\View->render()
 5 APPPATH\Views\pengeluaran_kegiatan_each.php(90): view()
 6 SYSTEMPATH\View\View.php(224): include('C:\\Users\\akhta\\Downloads\\SI-Keuangan\\ci4app\\app\\Views\\pengeluaran_kegiatan_each.php')
 7 SYSTEMPATH\View\View.php(227): CodeIgniter\View\View->{closure:CodeIgniter\View\View::render():221}()
 8 SYSTEMPATH\Common.php(1173): CodeIgniter\View\View->render()
 9 APPPATH\Controllers\PengeluaranKegiatan.php(158): view()
10 SYSTEMPATH\CodeIgniter.php(933): App\Controllers\PengeluaranKegiatan->show()
11 SYSTEMPATH\CodeIgniter.php(507): CodeIgniter\CodeIgniter->runController()
12 SYSTEMPATH\CodeIgniter.php(354): CodeIgniter\CodeIgniter->handleRequest()
13 SYSTEMPATH\Boot.php(334): CodeIgniter\CodeIgniter->run()
14 SYSTEMPATH\Boot.php(67): CodeIgniter\Boot::runCodeIgniter()
15 FCPATH\index.php(59): CodeIgniter\Boot::bootWeb()
16 SYSTEMPATH\rewrite.php(44): require_once('C:\\Users\\akhta\\Downloads\\SI-Keuangan\\ci4app\\public\\index.php')
CRITICAL - 2025-07-31 05:19:19 --> ErrorException: Undefined variable $actionUrl
[Method: GET, Route: pengeluaran_kegiatan_each/1]
in APPPATH\Views\includes\forms\konfirmasi\hapus.php on line 4.
 1 APPPATH\Views\includes\forms\konfirmasi\hapus.php(4): CodeIgniter\Debug\Exceptions->errorHandler()
 2 SYSTEMPATH\View\View.php(224): include('C:\\Users\\akhta\\Downloads\\SI-Keuangan\\ci4app\\app\\Views\\includes\\forms\\konfirmasi\\hapus.php')
 3 SYSTEMPATH\View\View.php(227): CodeIgniter\View\View->{closure:CodeIgniter\View\View::render():221}()
 4 SYSTEMPATH\Common.php(1173): CodeIgniter\View\View->render()
 5 APPPATH\Views\pengeluaran_kegiatan_each.php(90): view()
 6 SYSTEMPATH\View\View.php(224): include('C:\\Users\\akhta\\Downloads\\SI-Keuangan\\ci4app\\app\\Views\\pengeluaran_kegiatan_each.php')
 7 SYSTEMPATH\View\View.php(227): CodeIgniter\View\View->{closure:CodeIgniter\View\View::render():221}()
 8 SYSTEMPATH\Common.php(1173): CodeIgniter\View\View->render()
 9 APPPATH\Controllers\PengeluaranKegiatan.php(158): view()
10 SYSTEMPATH\CodeIgniter.php(933): App\Controllers\PengeluaranKegiatan->show()
11 SYSTEMPATH\CodeIgniter.php(507): CodeIgniter\CodeIgniter->runController()
12 SYSTEMPATH\CodeIgniter.php(354): CodeIgniter\CodeIgniter->handleRequest()
13 SYSTEMPATH\Boot.php(334): CodeIgniter\CodeIgniter->run()
14 SYSTEMPATH\Boot.php(67): CodeIgniter\Boot::runCodeIgniter()
15 FCPATH\index.php(59): CodeIgniter\Boot::bootWeb()
16 SYSTEMPATH\rewrite.php(44): require_once('C:\\Users\\akhta\\Downloads\\SI-Keuangan\\ci4app\\public\\index.php')
CRITICAL - 2025-07-31 05:20:44 --> ErrorException: Undefined variable $actionUrl
[Method: GET, Route: pengeluaran_kegiatan_each/1]
in APPPATH\Views\includes\forms\konfirmasi\hapus.php on line 4.
 1 APPPATH\Views\includes\forms\konfirmasi\hapus.php(4): CodeIgniter\Debug\Exceptions->errorHandler()
 2 SYSTEMPATH\View\View.php(224): include('C:\\Users\\akhta\\Downloads\\SI-Keuangan\\ci4app\\app\\Views\\includes\\forms\\konfirmasi\\hapus.php')
 3 SYSTEMPATH\View\View.php(227): CodeIgniter\View\View->{closure:CodeIgniter\View\View::render():221}()
 4 SYSTEMPATH\Common.php(1173): CodeIgniter\View\View->render()
 5 APPPATH\Views\pengeluaran_kegiatan_each.php(90): view()
 6 SYSTEMPATH\View\View.php(224): include('C:\\Users\\akhta\\Downloads\\SI-Keuangan\\ci4app\\app\\Views\\pengeluaran_kegiatan_each.php')
 7 SYSTEMPATH\View\View.php(227): CodeIgniter\View\View->{closure:CodeIgniter\View\View::render():221}()
 8 SYSTEMPATH\Common.php(1173): CodeIgniter\View\View->render()
 9 APPPATH\Controllers\PengeluaranKegiatan.php(158): view()
10 SYSTEMPATH\CodeIgniter.php(933): App\Controllers\PengeluaranKegiatan->show()
11 SYSTEMPATH\CodeIgniter.php(507): CodeIgniter\CodeIgniter->runController()
12 SYSTEMPATH\CodeIgniter.php(354): CodeIgniter\CodeIgniter->handleRequest()
13 SYSTEMPATH\Boot.php(334): CodeIgniter\CodeIgniter->run()
14 SYSTEMPATH\Boot.php(67): CodeIgniter\Boot::runCodeIgniter()
15 FCPATH\index.php(59): CodeIgniter\Boot::bootWeb()
16 SYSTEMPATH\rewrite.php(44): require_once('C:\\Users\\akhta\\Downloads\\SI-Keuangan\\ci4app\\public\\index.php')
CRITICAL - 2025-07-31 05:20:45 --> ErrorException: Undefined variable $actionUrl
[Method: GET, Route: pengeluaran_kegiatan_each/1]
in APPPATH\Views\includes\forms\konfirmasi\hapus.php on line 4.
 1 APPPATH\Views\includes\forms\konfirmasi\hapus.php(4): CodeIgniter\Debug\Exceptions->errorHandler()
 2 SYSTEMPATH\View\View.php(224): include('C:\\Users\\akhta\\Downloads\\SI-Keuangan\\ci4app\\app\\Views\\includes\\forms\\konfirmasi\\hapus.php')
 3 SYSTEMPATH\View\View.php(227): CodeIgniter\View\View->{closure:CodeIgniter\View\View::render():221}()
 4 SYSTEMPATH\Common.php(1173): CodeIgniter\View\View->render()
 5 APPPATH\Views\pengeluaran_kegiatan_each.php(90): view()
 6 SYSTEMPATH\View\View.php(224): include('C:\\Users\\akhta\\Downloads\\SI-Keuangan\\ci4app\\app\\Views\\pengeluaran_kegiatan_each.php')
 7 SYSTEMPATH\View\View.php(227): CodeIgniter\View\View->{closure:CodeIgniter\View\View::render():221}()
 8 SYSTEMPATH\Common.php(1173): CodeIgniter\View\View->render()
 9 APPPATH\Controllers\PengeluaranKegiatan.php(158): view()
10 SYSTEMPATH\CodeIgniter.php(933): App\Controllers\PengeluaranKegiatan->show()
11 SYSTEMPATH\CodeIgniter.php(507): CodeIgniter\CodeIgniter->runController()
12 SYSTEMPATH\CodeIgniter.php(354): CodeIgniter\CodeIgniter->handleRequest()
13 SYSTEMPATH\Boot.php(334): CodeIgniter\CodeIgniter->run()
14 SYSTEMPATH\Boot.php(67): CodeIgniter\Boot::runCodeIgniter()
15 FCPATH\index.php(59): CodeIgniter\Boot::bootWeb()
16 SYSTEMPATH\rewrite.php(44): require_once('C:\\Users\\akhta\\Downloads\\SI-Keuangan\\ci4app\\public\\index.php')
CRITICAL - 2025-07-31 05:20:50 --> ErrorException: Undefined variable $actionUrl
[Method: GET, Route: pengeluaran_kegiatan_each/1]
in APPPATH\Views\includes\forms\konfirmasi\hapus.php on line 4.
 1 APPPATH\Views\includes\forms\konfirmasi\hapus.php(4): CodeIgniter\Debug\Exceptions->errorHandler()
 2 SYSTEMPATH\View\View.php(224): include('C:\\Users\\akhta\\Downloads\\SI-Keuangan\\ci4app\\app\\Views\\includes\\forms\\konfirmasi\\hapus.php')
 3 SYSTEMPATH\View\View.php(227): CodeIgniter\View\View->{closure:CodeIgniter\View\View::render():221}()
 4 SYSTEMPATH\Common.php(1173): CodeIgniter\View\View->render()
 5 APPPATH\Views\pengeluaran_kegiatan_each.php(90): view()
 6 SYSTEMPATH\View\View.php(224): include('C:\\Users\\akhta\\Downloads\\SI-Keuangan\\ci4app\\app\\Views\\pengeluaran_kegiatan_each.php')
 7 SYSTEMPATH\View\View.php(227): CodeIgniter\View\View->{closure:CodeIgniter\View\View::render():221}()
 8 SYSTEMPATH\Common.php(1173): CodeIgniter\View\View->render()
 9 APPPATH\Controllers\PengeluaranKegiatan.php(158): view()
10 SYSTEMPATH\CodeIgniter.php(933): App\Controllers\PengeluaranKegiatan->show()
11 SYSTEMPATH\CodeIgniter.php(507): CodeIgniter\CodeIgniter->runController()
12 SYSTEMPATH\CodeIgniter.php(354): CodeIgniter\CodeIgniter->handleRequest()
13 SYSTEMPATH\Boot.php(334): CodeIgniter\CodeIgniter->run()
14 SYSTEMPATH\Boot.php(67): CodeIgniter\Boot::runCodeIgniter()
15 FCPATH\index.php(59): CodeIgniter\Boot::bootWeb()
16 SYSTEMPATH\rewrite.php(44): require_once('C:\\Users\\akhta\\Downloads\\SI-Keuangan\\ci4app\\public\\index.php')
DEBUG - 2025-07-31 05:29:14 --> Session: Class initialized using 'CodeIgniter\Session\Handlers\FileHandler' driver.
DEBUG - 2025-07-31 05:29:49 --> Session: Class initialized using 'CodeIgniter\Session\Handlers\FileHandler' driver.
WARNING - 2025-07-31 05:29:49 --> [DEPRECATED] number_format(): Passing null to parameter #1 ($num) of type float is deprecated in APPPATH\Views\pengeluaran_kegiatan.php on line 85.
 1 APPPATH\Views\pengeluaran_kegiatan.php(85): number_format(null, 0, ',', '.')
 2 SYSTEMPATH\View\View.php(224): include('C:\\Users\\akhta\\Downloads\\SI-Keuangan\\ci4app\\app\\Views\\pengeluaran_kegiatan.php')
 3 SYSTEMPATH\View\View.php(227): CodeIgniter\View\View->{closure:CodeIgniter\View\View::render():221}()
 4 SYSTEMPATH\Common.php(1173): CodeIgniter\View\View->render('pengeluaran_kegiatan', [], true)
 5 APPPATH\Controllers\PengeluaranKegiatan.php(15): view('pengeluaran_kegiatan', [...])
 6 SYSTEMPATH\CodeIgniter.php(933): App\Controllers\PengeluaranKegiatan->index()
 7 SYSTEMPATH\CodeIgniter.php(507): CodeIgniter\CodeIgniter->runController(Object(App\Controllers\PengeluaranKegiatan))
 8 SYSTEMPATH\CodeIgniter.php(354): CodeIgniter\CodeIgniter->handleRequest(null, Object(Config\Cache), false)
 9 SYSTEMPATH\Boot.php(334): CodeIgniter\CodeIgniter->run()
10 SYSTEMPATH\Boot.php(67): CodeIgniter\Boot::runCodeIgniter(Object(CodeIgniter\CodeIgniter))
11 FCPATH\index.php(59): CodeIgniter\Boot::bootWeb(Object(Config\Paths))
12 SYSTEMPATH\rewrite.php(44): require_once('C:\\Users\\akhta\\Downloads\\SI-Keuangan\\ci4app\\public\\index.php')
WARNING - 2025-07-31 05:29:49 --> [DEPRECATED] number_format(): Passing null to parameter #1 ($num) of type float is deprecated in APPPATH\Views\pengeluaran_kegiatan.php on line 86.
 1 APPPATH\Views\pengeluaran_kegiatan.php(86): number_format(null, 0, ',', '.')
 2 SYSTEMPATH\View\View.php(224): include('C:\\Users\\akhta\\Downloads\\SI-Keuangan\\ci4app\\app\\Views\\pengeluaran_kegiatan.php')
 3 SYSTEMPATH\View\View.php(227): CodeIgniter\View\View->{closure:CodeIgniter\View\View::render():221}()
 4 SYSTEMPATH\Common.php(1173): CodeIgniter\View\View->render('pengeluaran_kegiatan', [], true)
 5 APPPATH\Controllers\PengeluaranKegiatan.php(15): view('pengeluaran_kegiatan', [...])
 6 SYSTEMPATH\CodeIgniter.php(933): App\Controllers\PengeluaranKegiatan->index()
 7 SYSTEMPATH\CodeIgniter.php(507): CodeIgniter\CodeIgniter->runController(Object(App\Controllers\PengeluaranKegiatan))
 8 SYSTEMPATH\CodeIgniter.php(354): CodeIgniter\CodeIgniter->handleRequest(null, Object(Config\Cache), false)
 9 SYSTEMPATH\Boot.php(334): CodeIgniter\CodeIgniter->run()
10 SYSTEMPATH\Boot.php(67): CodeIgniter\Boot::runCodeIgniter(Object(CodeIgniter\CodeIgniter))
11 FCPATH\index.php(59): CodeIgniter\Boot::bootWeb(Object(Config\Paths))
12 SYSTEMPATH\rewrite.php(44): require_once('C:\\Users\\akhta\\Downloads\\SI-Keuangan\\ci4app\\public\\index.php')
CRITICAL - 2025-07-31 05:29:51 --> ErrorException: Undefined variable $actionUrl
[Method: GET, Route: pengeluaran_kegiatan_each/2]
in APPPATH\Views\includes\forms\konfirmasi\hapus.php on line 4.
 1 APPPATH\Views\includes\forms\konfirmasi\hapus.php(4): CodeIgniter\Debug\Exceptions->errorHandler()
 2 SYSTEMPATH\View\View.php(224): include('C:\\Users\\akhta\\Downloads\\SI-Keuangan\\ci4app\\app\\Views\\includes\\forms\\konfirmasi\\hapus.php')
 3 SYSTEMPATH\View\View.php(227): CodeIgniter\View\View->{closure:CodeIgniter\View\View::render():221}()
 4 SYSTEMPATH\Common.php(1173): CodeIgniter\View\View->render()
 5 APPPATH\Views\pengeluaran_kegiatan_each.php(90): view()
 6 SYSTEMPATH\View\View.php(224): include('C:\\Users\\akhta\\Downloads\\SI-Keuangan\\ci4app\\app\\Views\\pengeluaran_kegiatan_each.php')
 7 SYSTEMPATH\View\View.php(227): CodeIgniter\View\View->{closure:CodeIgniter\View\View::render():221}()
 8 SYSTEMPATH\Common.php(1173): CodeIgniter\View\View->render()
 9 APPPATH\Controllers\PengeluaranKegiatan.php(158): view()
10 SYSTEMPATH\CodeIgniter.php(933): App\Controllers\PengeluaranKegiatan->show()
11 SYSTEMPATH\CodeIgniter.php(507): CodeIgniter\CodeIgniter->runController()
12 SYSTEMPATH\CodeIgniter.php(354): CodeIgniter\CodeIgniter->handleRequest()
13 SYSTEMPATH\Boot.php(334): CodeIgniter\CodeIgniter->run()
14 SYSTEMPATH\Boot.php(67): CodeIgniter\Boot::runCodeIgniter()
15 FCPATH\index.php(59): CodeIgniter\Boot::bootWeb()
16 SYSTEMPATH\rewrite.php(44): require_once('C:\\Users\\akhta\\Downloads\\SI-Keuangan\\ci4app\\public\\index.php')
CRITICAL - 2025-07-31 05:30:29 --> ErrorException: Undefined variable $actionUrl
[Method: GET, Route: pengeluaran_kegiatan_each/2]
in APPPATH\Views\includes\forms\konfirmasi\hapus.php on line 4.
 1 APPPATH\Views\includes\forms\konfirmasi\hapus.php(4): CodeIgniter\Debug\Exceptions->errorHandler()
 2 SYSTEMPATH\View\View.php(224): include('C:\\Users\\akhta\\Downloads\\SI-Keuangan\\ci4app\\app\\Views\\includes\\forms\\konfirmasi\\hapus.php')
 3 SYSTEMPATH\View\View.php(227): CodeIgniter\View\View->{closure:CodeIgniter\View\View::render():221}()
 4 SYSTEMPATH\Common.php(1173): CodeIgniter\View\View->render()
 5 APPPATH\Views\pengeluaran_kegiatan_each.php(90): view()
 6 SYSTEMPATH\View\View.php(224): include('C:\\Users\\akhta\\Downloads\\SI-Keuangan\\ci4app\\app\\Views\\pengeluaran_kegiatan_each.php')
 7 SYSTEMPATH\View\View.php(227): CodeIgniter\View\View->{closure:CodeIgniter\View\View::render():221}()
 8 SYSTEMPATH\Common.php(1173): CodeIgniter\View\View->render()
 9 APPPATH\Controllers\PengeluaranKegiatan.php(158): view()
10 SYSTEMPATH\CodeIgniter.php(933): App\Controllers\PengeluaranKegiatan->show()
11 SYSTEMPATH\CodeIgniter.php(507): CodeIgniter\CodeIgniter->runController()
12 SYSTEMPATH\CodeIgniter.php(354): CodeIgniter\CodeIgniter->handleRequest()
13 SYSTEMPATH\Boot.php(334): CodeIgniter\CodeIgniter->run()
14 SYSTEMPATH\Boot.php(67): CodeIgniter\Boot::runCodeIgniter()
15 FCPATH\index.php(59): CodeIgniter\Boot::bootWeb()
16 SYSTEMPATH\rewrite.php(44): require_once('C:\\Users\\akhta\\Downloads\\SI-Keuangan\\ci4app\\public\\index.php')
WARNING - 2025-07-31 05:44:09 --> [DEPRECATED] number_format(): Passing null to parameter #1 ($num) of type float is deprecated in APPPATH\Views\pengeluaran_kegiatan.php on line 85.
 1 APPPATH\Views\pengeluaran_kegiatan.php(85): number_format(null, 0, ',', '.')
 2 SYSTEMPATH\View\View.php(224): include('C:\\Users\\akhta\\Downloads\\SI-Keuangan\\ci4app\\app\\Views\\pengeluaran_kegiatan.php')
 3 SYSTEMPATH\View\View.php(227): CodeIgniter\View\View->{closure:CodeIgniter\View\View::render():221}()
 4 SYSTEMPATH\Common.php(1173): CodeIgniter\View\View->render('pengeluaran_kegiatan', [], true)
 5 APPPATH\Controllers\PengeluaranKegiatan.php(15): view('pengeluaran_kegiatan', [...])
 6 SYSTEMPATH\CodeIgniter.php(933): App\Controllers\PengeluaranKegiatan->index()
 7 SYSTEMPATH\CodeIgniter.php(507): CodeIgniter\CodeIgniter->runController(Object(App\Controllers\PengeluaranKegiatan))
 8 SYSTEMPATH\CodeIgniter.php(354): CodeIgniter\CodeIgniter->handleRequest(null, Object(Config\Cache), false)
 9 SYSTEMPATH\Boot.php(334): CodeIgniter\CodeIgniter->run()
10 SYSTEMPATH\Boot.php(67): CodeIgniter\Boot::runCodeIgniter(Object(CodeIgniter\CodeIgniter))
11 FCPATH\index.php(59): CodeIgniter\Boot::bootWeb(Object(Config\Paths))
12 SYSTEMPATH\rewrite.php(44): require_once('C:\\Users\\akhta\\Downloads\\SI-Keuangan\\ci4app\\public\\index.php')
WARNING - 2025-07-31 05:44:09 --> [DEPRECATED] number_format(): Passing null to parameter #1 ($num) of type float is deprecated in APPPATH\Views\pengeluaran_kegiatan.php on line 86.
 1 APPPATH\Views\pengeluaran_kegiatan.php(86): number_format(null, 0, ',', '.')
 2 SYSTEMPATH\View\View.php(224): include('C:\\Users\\akhta\\Downloads\\SI-Keuangan\\ci4app\\app\\Views\\pengeluaran_kegiatan.php')
 3 SYSTEMPATH\View\View.php(227): CodeIgniter\View\View->{closure:CodeIgniter\View\View::render():221}()
 4 SYSTEMPATH\Common.php(1173): CodeIgniter\View\View->render('pengeluaran_kegiatan', [], true)
 5 APPPATH\Controllers\PengeluaranKegiatan.php(15): view('pengeluaran_kegiatan', [...])
 6 SYSTEMPATH\CodeIgniter.php(933): App\Controllers\PengeluaranKegiatan->index()
 7 SYSTEMPATH\CodeIgniter.php(507): CodeIgniter\CodeIgniter->runController(Object(App\Controllers\PengeluaranKegiatan))
 8 SYSTEMPATH\CodeIgniter.php(354): CodeIgniter\CodeIgniter->handleRequest(null, Object(Config\Cache), false)
 9 SYSTEMPATH\Boot.php(334): CodeIgniter\CodeIgniter->run()
10 SYSTEMPATH\Boot.php(67): CodeIgniter\Boot::runCodeIgniter(Object(CodeIgniter\CodeIgniter))
11 FCPATH\index.php(59): CodeIgniter\Boot::bootWeb(Object(Config\Paths))
12 SYSTEMPATH\rewrite.php(44): require_once('C:\\Users\\akhta\\Downloads\\SI-Keuangan\\ci4app\\public\\index.php')
DEBUG - 2025-07-31 05:44:26 --> Session: Class initialized using 'CodeIgniter\Session\Handlers\FileHandler' driver.
CRITICAL - 2025-07-31 05:45:35 --> ErrorException: Undefined variable $row
[Method: GET, Route: pengeluaran_subbidang]
in APPPATH\Views\includes\forms\konfirmasi\hapus.php on line 1.
 1 APPPATH\Views\includes\forms\konfirmasi\hapus.php(1): CodeIgniter\Debug\Exceptions->errorHandler()
 2 SYSTEMPATH\View\View.php(224): include('C:\\Users\\akhta\\Downloads\\SI-Keuangan\\ci4app\\app\\Views\\includes\\forms\\konfirmasi\\hapus.php')
 3 SYSTEMPATH\View\View.php(227): CodeIgniter\View\View->{closure:CodeIgniter\View\View::render():221}()
 4 SYSTEMPATH\Common.php(1173): CodeIgniter\View\View->render()
 5 APPPATH\Views\pengeluaran_subbidang.php(100): view()
 6 SYSTEMPATH\View\View.php(224): include('C:\\Users\\akhta\\Downloads\\SI-Keuangan\\ci4app\\app\\Views\\pengeluaran_subbidang.php')
 7 SYSTEMPATH\View\View.php(227): CodeIgniter\View\View->{closure:CodeIgniter\View\View::render():221}()
 8 SYSTEMPATH\Common.php(1173): CodeIgniter\View\View->render()
 9 APPPATH\Controllers\PengeluaranSubbidang.php(9): view()
10 SYSTEMPATH\CodeIgniter.php(933): App\Controllers\PengeluaranSubbidang->index()
11 SYSTEMPATH\CodeIgniter.php(507): CodeIgniter\CodeIgniter->runController()
12 SYSTEMPATH\CodeIgniter.php(354): CodeIgniter\CodeIgniter->handleRequest()
13 SYSTEMPATH\Boot.php(334): CodeIgniter\CodeIgniter->run()
14 SYSTEMPATH\Boot.php(67): CodeIgniter\Boot::runCodeIgniter()
15 FCPATH\index.php(59): CodeIgniter\Boot::bootWeb()
16 SYSTEMPATH\rewrite.php(44): require_once('C:\\Users\\akhta\\Downloads\\SI-Keuangan\\ci4app\\public\\index.php')
CRITICAL - 2025-07-31 05:45:37 --> ErrorException: Undefined variable $row
[Method: GET, Route: pengeluaran_subbidang]
in APPPATH\Views\includes\forms\konfirmasi\hapus.php on line 1.
 1 APPPATH\Views\includes\forms\konfirmasi\hapus.php(1): CodeIgniter\Debug\Exceptions->errorHandler()
 2 SYSTEMPATH\View\View.php(224): include('C:\\Users\\akhta\\Downloads\\SI-Keuangan\\ci4app\\app\\Views\\includes\\forms\\konfirmasi\\hapus.php')
 3 SYSTEMPATH\View\View.php(227): CodeIgniter\View\View->{closure:CodeIgniter\View\View::render():221}()
 4 SYSTEMPATH\Common.php(1173): CodeIgniter\View\View->render()
 5 APPPATH\Views\pengeluaran_subbidang.php(100): view()
 6 SYSTEMPATH\View\View.php(224): include('C:\\Users\\akhta\\Downloads\\SI-Keuangan\\ci4app\\app\\Views\\pengeluaran_subbidang.php')
 7 SYSTEMPATH\View\View.php(227): CodeIgniter\View\View->{closure:CodeIgniter\View\View::render():221}()
 8 SYSTEMPATH\Common.php(1173): CodeIgniter\View\View->render()
 9 APPPATH\Controllers\PengeluaranSubbidang.php(9): view()
10 SYSTEMPATH\CodeIgniter.php(933): App\Controllers\PengeluaranSubbidang->index()
11 SYSTEMPATH\CodeIgniter.php(507): CodeIgniter\CodeIgniter->runController()
12 SYSTEMPATH\CodeIgniter.php(354): CodeIgniter\CodeIgniter->handleRequest()
13 SYSTEMPATH\Boot.php(334): CodeIgniter\CodeIgniter->run()
14 SYSTEMPATH\Boot.php(67): CodeIgniter\Boot::runCodeIgniter()
15 FCPATH\index.php(59): CodeIgniter\Boot::bootWeb()
16 SYSTEMPATH\rewrite.php(44): require_once('C:\\Users\\akhta\\Downloads\\SI-Keuangan\\ci4app\\public\\index.php')
CRITICAL - 2025-07-31 05:46:13 --> ErrorException: Undefined variable $row
[Method: GET, Route: pengeluaran_subbidang]
in APPPATH\Views\includes\forms\konfirmasi\hapus.php on line 1.
 1 APPPATH\Views\includes\forms\konfirmasi\hapus.php(1): CodeIgniter\Debug\Exceptions->errorHandler()
 2 SYSTEMPATH\View\View.php(224): include('C:\\Users\\akhta\\Downloads\\SI-Keuangan\\ci4app\\app\\Views\\includes\\forms\\konfirmasi\\hapus.php')
 3 SYSTEMPATH\View\View.php(227): CodeIgniter\View\View->{closure:CodeIgniter\View\View::render():221}()
 4 SYSTEMPATH\Common.php(1173): CodeIgniter\View\View->render()
 5 APPPATH\Views\pengeluaran_subbidang.php(100): view()
 6 SYSTEMPATH\View\View.php(224): include('C:\\Users\\akhta\\Downloads\\SI-Keuangan\\ci4app\\app\\Views\\pengeluaran_subbidang.php')
 7 SYSTEMPATH\View\View.php(227): CodeIgniter\View\View->{closure:CodeIgniter\View\View::render():221}()
 8 SYSTEMPATH\Common.php(1173): CodeIgniter\View\View->render()
 9 APPPATH\Controllers\PengeluaranSubbidang.php(9): view()
10 SYSTEMPATH\CodeIgniter.php(933): App\Controllers\PengeluaranSubbidang->index()
11 SYSTEMPATH\CodeIgniter.php(507): CodeIgniter\CodeIgniter->runController()
12 SYSTEMPATH\CodeIgniter.php(354): CodeIgniter\CodeIgniter->handleRequest()
13 SYSTEMPATH\Boot.php(334): CodeIgniter\CodeIgniter->run()
14 SYSTEMPATH\Boot.php(67): CodeIgniter\Boot::runCodeIgniter()
15 FCPATH\index.php(59): CodeIgniter\Boot::bootWeb()
16 SYSTEMPATH\rewrite.php(44): require_once('C:\\Users\\akhta\\Downloads\\SI-Keuangan\\ci4app\\public\\index.php')
CRITICAL - 2025-07-31 05:46:47 --> ErrorException: Undefined variable $row
[Method: GET, Route: pengeluaran_bidang_each]
in APPPATH\Views\includes\forms\konfirmasi\hapus.php on line 1.
 1 APPPATH\Views\includes\forms\konfirmasi\hapus.php(1): CodeIgniter\Debug\Exceptions->errorHandler()
 2 SYSTEMPATH\View\View.php(224): include('C:\\Users\\akhta\\Downloads\\SI-Keuangan\\ci4app\\app\\Views\\includes\\forms\\konfirmasi\\hapus.php')
 3 SYSTEMPATH\View\View.php(227): CodeIgniter\View\View->{closure:CodeIgniter\View\View::render():221}()
 4 SYSTEMPATH\Common.php(1173): CodeIgniter\View\View->render()
 5 APPPATH\Views\pengeluaran_bidang_each.php(105): view()
 6 SYSTEMPATH\View\View.php(224): include('C:\\Users\\akhta\\Downloads\\SI-Keuangan\\ci4app\\app\\Views\\pengeluaran_bidang_each.php')
 7 SYSTEMPATH\View\View.php(227): CodeIgniter\View\View->{closure:CodeIgniter\View\View::render():221}()
 8 SYSTEMPATH\Common.php(1173): CodeIgniter\View\View->render()
 9 APPPATH\Controllers\PengeluaranBidangEach.php(9): view()
10 SYSTEMPATH\CodeIgniter.php(933): App\Controllers\PengeluaranBidangEach->index()
11 SYSTEMPATH\CodeIgniter.php(507): CodeIgniter\CodeIgniter->runController()
12 SYSTEMPATH\CodeIgniter.php(354): CodeIgniter\CodeIgniter->handleRequest()
13 SYSTEMPATH\Boot.php(334): CodeIgniter\CodeIgniter->run()
14 SYSTEMPATH\Boot.php(67): CodeIgniter\Boot::runCodeIgniter()
15 FCPATH\index.php(59): CodeIgniter\Boot::bootWeb()
16 SYSTEMPATH\rewrite.php(44): require_once('C:\\Users\\akhta\\Downloads\\SI-Keuangan\\ci4app\\public\\index.php')
CRITICAL - 2025-07-31 05:59:12 --> ErrorException: Undefined variable $row
[Method: GET, Route: pengeluaran_bidang_each]
in APPPATH\Views\includes\forms\konfirmasi\hapus.php on line 1.
 1 APPPATH\Views\includes\forms\konfirmasi\hapus.php(1): CodeIgniter\Debug\Exceptions->errorHandler()
 2 SYSTEMPATH\View\View.php(224): include('C:\\Users\\akhta\\Downloads\\SI-Keuangan\\ci4app\\app\\Views\\includes\\forms\\konfirmasi\\hapus.php')
 3 SYSTEMPATH\View\View.php(227): CodeIgniter\View\View->{closure:CodeIgniter\View\View::render():221}()
 4 SYSTEMPATH\Common.php(1173): CodeIgniter\View\View->render()
 5 APPPATH\Views\pengeluaran_bidang_each.php(105): view()
 6 SYSTEMPATH\View\View.php(224): include('C:\\Users\\akhta\\Downloads\\SI-Keuangan\\ci4app\\app\\Views\\pengeluaran_bidang_each.php')
 7 SYSTEMPATH\View\View.php(227): CodeIgniter\View\View->{closure:CodeIgniter\View\View::render():221}()
 8 SYSTEMPATH\Common.php(1173): CodeIgniter\View\View->render()
 9 APPPATH\Controllers\PengeluaranBidangEach.php(9): view()
10 SYSTEMPATH\CodeIgniter.php(933): App\Controllers\PengeluaranBidangEach->index()
11 SYSTEMPATH\CodeIgniter.php(507): CodeIgniter\CodeIgniter->runController()
12 SYSTEMPATH\CodeIgniter.php(354): CodeIgniter\CodeIgniter->handleRequest()
13 SYSTEMPATH\Boot.php(334): CodeIgniter\CodeIgniter->run()
14 SYSTEMPATH\Boot.php(67): CodeIgniter\Boot::runCodeIgniter()
15 FCPATH\index.php(59): CodeIgniter\Boot::bootWeb()
16 SYSTEMPATH\rewrite.php(44): require_once('C:\\Users\\akhta\\Downloads\\SI-Keuangan\\ci4app\\public\\index.php')
DEBUG - 2025-07-31 06:33:07 --> Session: Class initialized using 'CodeIgniter\Session\Handlers\FileHandler' driver.
WARNING - 2025-07-31 06:33:07 --> [DEPRECATED] number_format(): Passing null to parameter #1 ($num) of type float is deprecated in APPPATH\Views\pengeluaran_kegiatan.php on line 85.
 1 APPPATH\Views\pengeluaran_kegiatan.php(85): number_format(null, 0, ',', '.')
 2 SYSTEMPATH\View\View.php(224): include('C:\\Users\\akhta\\Downloads\\SI-Keuangan\\ci4app\\app\\Views\\pengeluaran_kegiatan.php')
 3 SYSTEMPATH\View\View.php(227): CodeIgniter\View\View->{closure:CodeIgniter\View\View::render():221}()
 4 SYSTEMPATH\Common.php(1173): CodeIgniter\View\View->render('pengeluaran_kegiatan', [], true)
 5 APPPATH\Controllers\PengeluaranKegiatan.php(15): view('pengeluaran_kegiatan', [...])
 6 SYSTEMPATH\CodeIgniter.php(933): App\Controllers\PengeluaranKegiatan->index()
 7 SYSTEMPATH\CodeIgniter.php(507): CodeIgniter\CodeIgniter->runController(Object(App\Controllers\PengeluaranKegiatan))
 8 SYSTEMPATH\CodeIgniter.php(354): CodeIgniter\CodeIgniter->handleRequest(null, Object(Config\Cache), false)
 9 SYSTEMPATH\Boot.php(334): CodeIgniter\CodeIgniter->run()
10 SYSTEMPATH\Boot.php(67): CodeIgniter\Boot::runCodeIgniter(Object(CodeIgniter\CodeIgniter))
11 FCPATH\index.php(59): CodeIgniter\Boot::bootWeb(Object(Config\Paths))
12 SYSTEMPATH\rewrite.php(44): require_once('C:\\Users\\akhta\\Downloads\\SI-Keuangan\\ci4app\\public\\index.php')
WARNING - 2025-07-31 06:33:07 --> [DEPRECATED] number_format(): Passing null to parameter #1 ($num) of type float is deprecated in APPPATH\Views\pengeluaran_kegiatan.php on line 86.
 1 APPPATH\Views\pengeluaran_kegiatan.php(86): number_format(null, 0, ',', '.')
 2 SYSTEMPATH\View\View.php(224): include('C:\\Users\\akhta\\Downloads\\SI-Keuangan\\ci4app\\app\\Views\\pengeluaran_kegiatan.php')
 3 SYSTEMPATH\View\View.php(227): CodeIgniter\View\View->{closure:CodeIgniter\View\View::render():221}()
 4 SYSTEMPATH\Common.php(1173): CodeIgniter\View\View->render('pengeluaran_kegiatan', [], true)
 5 APPPATH\Controllers\PengeluaranKegiatan.php(15): view('pengeluaran_kegiatan', [...])
 6 SYSTEMPATH\CodeIgniter.php(933): App\Controllers\PengeluaranKegiatan->index()
 7 SYSTEMPATH\CodeIgniter.php(507): CodeIgniter\CodeIgniter->runController(Object(App\Controllers\PengeluaranKegiatan))
 8 SYSTEMPATH\CodeIgniter.php(354): CodeIgniter\CodeIgniter->handleRequest(null, Object(Config\Cache), false)
 9 SYSTEMPATH\Boot.php(334): CodeIgniter\CodeIgniter->run()
10 SYSTEMPATH\Boot.php(67): CodeIgniter\Boot::runCodeIgniter(Object(CodeIgniter\CodeIgniter))
11 FCPATH\index.php(59): CodeIgniter\Boot::bootWeb(Object(Config\Paths))
12 SYSTEMPATH\rewrite.php(44): require_once('C:\\Users\\akhta\\Downloads\\SI-Keuangan\\ci4app\\public\\index.php')
DEBUG - 2025-07-31 06:33:30 --> Session: Class initialized using 'CodeIgniter\Session\Handlers\FileHandler' driver.
DEBUG - 2025-07-31 06:33:45 --> Session: Class initialized using 'CodeIgniter\Session\Handlers\FileHandler' driver.
CRITICAL - 2025-07-31 07:23:30 --> Error: Class "App\Models\PengeluaranBidangModel" not found
[Method: GET, Route: pengeluaran_bidang_each]
in APPPATH\Controllers\PengeluaranBidangEach.php on line 13.
 1 SYSTEMPATH\CodeIgniter.php(903): App\Controllers\PengeluaranBidangEach->__construct()
 2 SYSTEMPATH\CodeIgniter.php(498): CodeIgniter\CodeIgniter->createController()
 3 SYSTEMPATH\CodeIgniter.php(354): CodeIgniter\CodeIgniter->handleRequest()
 4 SYSTEMPATH\Boot.php(334): CodeIgniter\CodeIgniter->run()
 5 SYSTEMPATH\Boot.php(67): CodeIgniter\Boot::runCodeIgniter()
 6 FCPATH\index.php(59): CodeIgniter\Boot::bootWeb()
 7 SYSTEMPATH\rewrite.php(44): require_once('C:\\Users\\akhta\\Downloads\\SI-Keuangan\\ci4app\\public\\index.php')
CRITICAL - 2025-07-31 07:23:38 --> Error: Class "App\Models\PengeluaranBidangModel" not found
[Method: GET, Route: pengeluaran_bidang_each]
in APPPATH\Controllers\PengeluaranBidangEach.php on line 13.
 1 SYSTEMPATH\CodeIgniter.php(903): App\Controllers\PengeluaranBidangEach->__construct()
 2 SYSTEMPATH\CodeIgniter.php(498): CodeIgniter\CodeIgniter->createController()
 3 SYSTEMPATH\CodeIgniter.php(354): CodeIgniter\CodeIgniter->handleRequest()
 4 SYSTEMPATH\Boot.php(334): CodeIgniter\CodeIgniter->run()
 5 SYSTEMPATH\Boot.php(67): CodeIgniter\Boot::runCodeIgniter()
 6 FCPATH\index.php(59): CodeIgniter\Boot::bootWeb()
 7 SYSTEMPATH\rewrite.php(44): require_once('C:\\Users\\akhta\\Downloads\\SI-Keuangan\\ci4app\\public\\index.php')
CRITICAL - 2025-07-31 07:45:55 --> Error: Class "App\Models\PengeluaranBidangModel" not found
[Method: GET, Route: pengeluaran_bidang_each]
in APPPATH\Controllers\PengeluaranBidangEach.php on line 13.
 1 SYSTEMPATH\CodeIgniter.php(903): App\Controllers\PengeluaranBidangEach->__construct()
 2 SYSTEMPATH\CodeIgniter.php(498): CodeIgniter\CodeIgniter->createController()
 3 SYSTEMPATH\CodeIgniter.php(354): CodeIgniter\CodeIgniter->handleRequest()
 4 SYSTEMPATH\Boot.php(334): CodeIgniter\CodeIgniter->run()
 5 SYSTEMPATH\Boot.php(67): CodeIgniter\Boot::runCodeIgniter()
 6 FCPATH\index.php(59): CodeIgniter\Boot::bootWeb()
 7 SYSTEMPATH\rewrite.php(44): require_once('C:\\Users\\akhta\\Downloads\\SI-Keuangan\\ci4app\\public\\index.php')
CRITICAL - 2025-07-31 07:45:56 --> Error: Class "App\Models\PengeluaranBidangModel" not found
[Method: GET, Route: pengeluaran_bidang_each]
in APPPATH\Controllers\PengeluaranBidangEach.php on line 13.
 1 SYSTEMPATH\CodeIgniter.php(903): App\Controllers\PengeluaranBidangEach->__construct()
 2 SYSTEMPATH\CodeIgniter.php(498): CodeIgniter\CodeIgniter->createController()
 3 SYSTEMPATH\CodeIgniter.php(354): CodeIgniter\CodeIgniter->handleRequest()
 4 SYSTEMPATH\Boot.php(334): CodeIgniter\CodeIgniter->run()
 5 SYSTEMPATH\Boot.php(67): CodeIgniter\Boot::runCodeIgniter()
 6 FCPATH\index.php(59): CodeIgniter\Boot::bootWeb()
 7 SYSTEMPATH\rewrite.php(44): require_once('C:\\Users\\akhta\\Downloads\\SI-Keuangan\\ci4app\\public\\index.php')
CRITICAL - 2025-07-31 07:45:59 --> Error: Class "App\Models\PengeluaranBidangModel" not found
[Method: GET, Route: pengeluaran_bidang_each]
in APPPATH\Controllers\PengeluaranBidangEach.php on line 13.
 1 SYSTEMPATH\CodeIgniter.php(903): App\Controllers\PengeluaranBidangEach->__construct()
 2 SYSTEMPATH\CodeIgniter.php(498): CodeIgniter\CodeIgniter->createController()
 3 SYSTEMPATH\CodeIgniter.php(354): CodeIgniter\CodeIgniter->handleRequest()
 4 SYSTEMPATH\Boot.php(334): CodeIgniter\CodeIgniter->run()
 5 SYSTEMPATH\Boot.php(67): CodeIgniter\Boot::runCodeIgniter()
 6 FCPATH\index.php(59): CodeIgniter\Boot::bootWeb()
 7 SYSTEMPATH\rewrite.php(44): require_once('C:\\Users\\akhta\\Downloads\\SI-Keuangan\\ci4app\\public\\index.php')
CRITICAL - 2025-07-31 07:51:00 --> ErrorException: include(in_bidang_input_form.php): Failed to open stream: No such file or directory
[Method: GET, Route: pengeluaran_bidang_each]
in APPPATH\Views\pengeluaran_bidang_each.php on line 87.
 1 APPPATH\Views\pengeluaran_bidang_each.php(87): CodeIgniter\Debug\Exceptions->errorHandler()
 2 APPPATH\Views\pengeluaran_bidang_each.php(87): include()
 3 SYSTEMPATH\View\View.php(224): include('C:\\Users\\akhta\\Downloads\\SI-Keuangan\\ci4app\\app\\Views\\pengeluaran_bidang_each.php')
 4 SYSTEMPATH\View\View.php(227): CodeIgniter\View\View->{closure:CodeIgniter\View\View::render():221}()
 5 SYSTEMPATH\Common.php(1173): CodeIgniter\View\View->render()
 6 APPPATH\Controllers\PengeluaranBidangEach.php(20): view()
 7 SYSTEMPATH\CodeIgniter.php(933): App\Controllers\PengeluaranBidangEach->index()
 8 SYSTEMPATH\CodeIgniter.php(507): CodeIgniter\CodeIgniter->runController()
 9 SYSTEMPATH\CodeIgniter.php(354): CodeIgniter\CodeIgniter->handleRequest()
10 SYSTEMPATH\Boot.php(334): CodeIgniter\CodeIgniter->run()
11 SYSTEMPATH\Boot.php(67): CodeIgniter\Boot::runCodeIgniter()
12 FCPATH\index.php(59): CodeIgniter\Boot::bootWeb()
13 SYSTEMPATH\rewrite.php(44): require_once('C:\\Users\\akhta\\Downloads\\SI-Keuangan\\ci4app\\public\\index.php')
CRITICAL - 2025-07-31 08:17:14 --> ErrorException: include(C:\Users\akhta\Downloads\SI-Keuangan\ci4app\app\Views/includes/forms/pengeluaran/in_pengeluaran_bidang_input_form.php): Failed to open stream: No such file or directory
[Method: GET, Route: pengeluaran_bidang_each]
in APPPATH\Views\pengeluaran_bidang_each.php on line 82.
 1 APPPATH\Views\pengeluaran_bidang_each.php(82): CodeIgniter\Debug\Exceptions->errorHandler()
 2 APPPATH\Views\pengeluaran_bidang_each.php(82): include()
 3 SYSTEMPATH\View\View.php(224): include('C:\\Users\\akhta\\Downloads\\SI-Keuangan\\ci4app\\app\\Views\\pengeluaran_bidang_each.php')
 4 SYSTEMPATH\View\View.php(227): CodeIgniter\View\View->{closure:CodeIgniter\View\View::render():221}()
 5 SYSTEMPATH\Common.php(1173): CodeIgniter\View\View->render()
 6 APPPATH\Controllers\PengeluaranBidangEach.php(20): view()
 7 SYSTEMPATH\CodeIgniter.php(933): App\Controllers\PengeluaranBidangEach->index()
 8 SYSTEMPATH\CodeIgniter.php(507): CodeIgniter\CodeIgniter->runController()
 9 SYSTEMPATH\CodeIgniter.php(354): CodeIgniter\CodeIgniter->handleRequest()
10 SYSTEMPATH\Boot.php(334): CodeIgniter\CodeIgniter->run()
11 SYSTEMPATH\Boot.php(67): CodeIgniter\Boot::runCodeIgniter()
12 FCPATH\index.php(59): CodeIgniter\Boot::bootWeb()
13 SYSTEMPATH\rewrite.php(44): require_once('C:\\Users\\akhta\\Downloads\\SI-Keuangan\\ci4app\\public\\index.php')
CRITICAL - 2025-07-31 15:59:37 --> ErrorException: Undefined variable $row
[Method: GET, Route: pengeluaran_subbidang]
in APPPATH\Views\includes\forms\konfirmasi\hapus.php on line 1.
 1 APPPATH\Views\includes\forms\konfirmasi\hapus.php(1): CodeIgniter\Debug\Exceptions->errorHandler()
 2 SYSTEMPATH\View\View.php(224): include('C:\\Users\\akhta\\Downloads\\SI-Keuangan\\ci4app\\app\\Views\\includes\\forms\\konfirmasi\\hapus.php')
 3 SYSTEMPATH\View\View.php(227): CodeIgniter\View\View->{closure:CodeIgniter\View\View::render():221}()
 4 SYSTEMPATH\Common.php(1173): CodeIgniter\View\View->render()
 5 APPPATH\Views\pengeluaran_subbidang.php(100): view()
 6 SYSTEMPATH\View\View.php(224): include('C:\\Users\\akhta\\Downloads\\SI-Keuangan\\ci4app\\app\\Views\\pengeluaran_subbidang.php')
 7 SYSTEMPATH\View\View.php(227): CodeIgniter\View\View->{closure:CodeIgniter\View\View::render():221}()
 8 SYSTEMPATH\Common.php(1173): CodeIgniter\View\View->render()
 9 APPPATH\Controllers\PengeluaranSubbidang.php(9): view()
10 SYSTEMPATH\CodeIgniter.php(933): App\Controllers\PengeluaranSubbidang->index()
11 SYSTEMPATH\CodeIgniter.php(507): CodeIgniter\CodeIgniter->runController()
12 SYSTEMPATH\CodeIgniter.php(354): CodeIgniter\CodeIgniter->handleRequest()
13 SYSTEMPATH\Boot.php(334): CodeIgniter\CodeIgniter->run()
14 SYSTEMPATH\Boot.php(67): CodeIgniter\Boot::runCodeIgniter()
15 FCPATH\index.php(59): CodeIgniter\Boot::bootWeb()
16 SYSTEMPATH\rewrite.php(44): require_once('C:\\Users\\akhta\\Downloads\\SI-Keuangan\\ci4app\\public\\index.php')
CRITICAL - 2025-07-31 16:09:28 --> ErrorException: Undefined variable $row
[Method: GET, Route: transaksi_all]
in APPPATH\Views\includes\forms\pengeluaran\edit_form.php on line 1.
 1 APPPATH\Views\includes\forms\pengeluaran\edit_form.php(1): CodeIgniter\Debug\Exceptions->errorHandler()
 2 SYSTEMPATH\View\View.php(224): include('C:\\Users\\akhta\\Downloads\\SI-Keuangan\\ci4app\\app\\Views\\includes\\forms\\pengeluaran\\edit_form.php')
 3 SYSTEMPATH\View\View.php(227): CodeIgniter\View\View->{closure:CodeIgniter\View\View::render():221}()
 4 SYSTEMPATH\Common.php(1173): CodeIgniter\View\View->render()
 5 APPPATH\Views\transaksi_all.php(97): view()
 6 SYSTEMPATH\View\View.php(224): include('C:\\Users\\akhta\\Downloads\\SI-Keuangan\\ci4app\\app\\Views\\transaksi_all.php')
 7 SYSTEMPATH\View\View.php(227): CodeIgniter\View\View->{closure:CodeIgniter\View\View::render():221}()
 8 SYSTEMPATH\Common.php(1173): CodeIgniter\View\View->render()
 9 APPPATH\Controllers\TransaksiAll.php(9): view()
10 SYSTEMPATH\CodeIgniter.php(933): App\Controllers\TransaksiAll->index()
11 SYSTEMPATH\CodeIgniter.php(507): CodeIgniter\CodeIgniter->runController()
12 SYSTEMPATH\CodeIgniter.php(354): CodeIgniter\CodeIgniter->handleRequest()
13 SYSTEMPATH\Boot.php(334): CodeIgniter\CodeIgniter->run()
14 SYSTEMPATH\Boot.php(67): CodeIgniter\Boot::runCodeIgniter()
15 FCPATH\index.php(59): CodeIgniter\Boot::bootWeb()
16 SYSTEMPATH\rewrite.php(44): require_once('C:\\Users\\akhta\\Downloads\\SI-Keuangan\\ci4app\\public\\index.php')
CRITICAL - 2025-07-31 16:52:00 --> ErrorException: Undefined array key "bidang"
[Method: GET, Route: pengeluaran_bidang_each]
in APPPATH\Views\pengeluaran_bidang_each.php on line 84.
 1 APPPATH\Views\pengeluaran_bidang_each.php(84): CodeIgniter\Debug\Exceptions->errorHandler()
 2 SYSTEMPATH\View\View.php(224): include('C:\\Users\\akhta\\Downloads\\SI-Keuangan\\ci4app\\app\\Views\\pengeluaran_bidang_each.php')
 3 SYSTEMPATH\View\View.php(227): CodeIgniter\View\View->{closure:CodeIgniter\View\View::render():221}()
 4 SYSTEMPATH\Common.php(1173): CodeIgniter\View\View->render()
 5 APPPATH\Controllers\PengeluaranBidangEach.php(23): view()
 6 SYSTEMPATH\CodeIgniter.php(933): App\Controllers\PengeluaranBidangEach->index()
 7 SYSTEMPATH\CodeIgniter.php(507): CodeIgniter\CodeIgniter->runController()
 8 SYSTEMPATH\CodeIgniter.php(354): CodeIgniter\CodeIgniter->handleRequest()
 9 SYSTEMPATH\Boot.php(334): CodeIgniter\CodeIgniter->run()
10 SYSTEMPATH\Boot.php(67): CodeIgniter\Boot::runCodeIgniter()
11 FCPATH\index.php(59): CodeIgniter\Boot::bootWeb()
12 SYSTEMPATH\rewrite.php(44): require_once('C:\\Users\\akhta\\Downloads\\SI-Keuangan\\ci4app\\public\\index.php')
CRITICAL - 2025-07-31 16:56:49 --> ErrorException: Undefined variable $row
[Method: GET, Route: pengeluaran_bidang_each]
in APPPATH\Views\includes\forms\pengeluaran\in_bidang_edit_form.php on line 2.
 1 APPPATH\Views\includes\forms\pengeluaran\in_bidang_edit_form.php(2): CodeIgniter\Debug\Exceptions->errorHandler()
 2 SYSTEMPATH\View\View.php(224): include('C:\\Users\\akhta\\Downloads\\SI-Keuangan\\ci4app\\app\\Views\\includes\\forms\\pengeluaran\\in_bidang_edit_form.php')
 3 SYSTEMPATH\View\View.php(227): CodeIgniter\View\View->{closure:CodeIgniter\View\View::render():221}()
 4 SYSTEMPATH\Common.php(1173): CodeIgniter\View\View->render()
 5 APPPATH\Views\pengeluaran_bidang_each.php(102): view()
 6 SYSTEMPATH\View\View.php(224): include('C:\\Users\\akhta\\Downloads\\SI-Keuangan\\ci4app\\app\\Views\\pengeluaran_bidang_each.php')
 7 SYSTEMPATH\View\View.php(227): CodeIgniter\View\View->{closure:CodeIgniter\View\View::render():221}()
 8 SYSTEMPATH\Common.php(1173): CodeIgniter\View\View->render()
 9 APPPATH\Controllers\PengeluaranBidangEach.php(23): view()
10 SYSTEMPATH\CodeIgniter.php(933): App\Controllers\PengeluaranBidangEach->index()
11 SYSTEMPATH\CodeIgniter.php(507): CodeIgniter\CodeIgniter->runController()
12 SYSTEMPATH\CodeIgniter.php(354): CodeIgniter\CodeIgniter->handleRequest()
13 SYSTEMPATH\Boot.php(334): CodeIgniter\CodeIgniter->run()
14 SYSTEMPATH\Boot.php(67): CodeIgniter\Boot::runCodeIgniter()
15 FCPATH\index.php(59): CodeIgniter\Boot::bootWeb()
16 SYSTEMPATH\rewrite.php(44): require_once('C:\\Users\\akhta\\Downloads\\SI-Keuangan\\ci4app\\public\\index.php')
CRITICAL - 2025-07-31 16:56:52 --> ErrorException: Undefined variable $row
[Method: GET, Route: pengeluaran_bidang_each]
in APPPATH\Views\includes\forms\pengeluaran\in_bidang_edit_form.php on line 2.
 1 APPPATH\Views\includes\forms\pengeluaran\in_bidang_edit_form.php(2): CodeIgniter\Debug\Exceptions->errorHandler()
 2 SYSTEMPATH\View\View.php(224): include('C:\\Users\\akhta\\Downloads\\SI-Keuangan\\ci4app\\app\\Views\\includes\\forms\\pengeluaran\\in_bidang_edit_form.php')
 3 SYSTEMPATH\View\View.php(227): CodeIgniter\View\View->{closure:CodeIgniter\View\View::render():221}()
 4 SYSTEMPATH\Common.php(1173): CodeIgniter\View\View->render()
 5 APPPATH\Views\pengeluaran_bidang_each.php(102): view()
 6 SYSTEMPATH\View\View.php(224): include('C:\\Users\\akhta\\Downloads\\SI-Keuangan\\ci4app\\app\\Views\\pengeluaran_bidang_each.php')
 7 SYSTEMPATH\View\View.php(227): CodeIgniter\View\View->{closure:CodeIgniter\View\View::render():221}()
 8 SYSTEMPATH\Common.php(1173): CodeIgniter\View\View->render()
 9 APPPATH\Controllers\PengeluaranBidangEach.php(23): view()
10 SYSTEMPATH\CodeIgniter.php(933): App\Controllers\PengeluaranBidangEach->index()
11 SYSTEMPATH\CodeIgniter.php(507): CodeIgniter\CodeIgniter->runController()
12 SYSTEMPATH\CodeIgniter.php(354): CodeIgniter\CodeIgniter->handleRequest()
13 SYSTEMPATH\Boot.php(334): CodeIgniter\CodeIgniter->run()
14 SYSTEMPATH\Boot.php(67): CodeIgniter\Boot::runCodeIgniter()
15 FCPATH\index.php(59): CodeIgniter\Boot::bootWeb()
16 SYSTEMPATH\rewrite.php(44): require_once('C:\\Users\\akhta\\Downloads\\SI-Keuangan\\ci4app\\public\\index.php')
CRITICAL - 2025-07-31 16:59:22 --> ErrorException: Undefined variable $actionUrl
[Method: GET, Route: pengeluaran_bidang_each]
in APPPATH\Views\includes\forms\konfirmasi\hapus.php on line 4.
 1 APPPATH\Views\includes\forms\konfirmasi\hapus.php(4): CodeIgniter\Debug\Exceptions->errorHandler()
 2 SYSTEMPATH\View\View.php(224): include('C:\\Users\\akhta\\Downloads\\SI-Keuangan\\ci4app\\app\\Views\\includes\\forms\\konfirmasi\\hapus.php')
 3 SYSTEMPATH\View\View.php(227): CodeIgniter\View\View->{closure:CodeIgniter\View\View::render():221}()
 4 SYSTEMPATH\Common.php(1173): CodeIgniter\View\View->render()
 5 APPPATH\Views\pengeluaran_bidang_each.php(106): view()
 6 SYSTEMPATH\View\View.php(224): include('C:\\Users\\akhta\\Downloads\\SI-Keuangan\\ci4app\\app\\Views\\pengeluaran_bidang_each.php')
 7 SYSTEMPATH\View\View.php(227): CodeIgniter\View\View->{closure:CodeIgniter\View\View::render():221}()
 8 SYSTEMPATH\Common.php(1173): CodeIgniter\View\View->render()
 9 APPPATH\Controllers\PengeluaranBidangEach.php(23): view()
10 SYSTEMPATH\CodeIgniter.php(933): App\Controllers\PengeluaranBidangEach->index()
11 SYSTEMPATH\CodeIgniter.php(507): CodeIgniter\CodeIgniter->runController()
12 SYSTEMPATH\CodeIgniter.php(354): CodeIgniter\CodeIgniter->handleRequest()
13 SYSTEMPATH\Boot.php(334): CodeIgniter\CodeIgniter->run()
14 SYSTEMPATH\Boot.php(67): CodeIgniter\Boot::runCodeIgniter()
15 FCPATH\index.php(59): CodeIgniter\Boot::bootWeb()
16 SYSTEMPATH\rewrite.php(44): require_once('C:\\Users\\akhta\\Downloads\\SI-Keuangan\\ci4app\\public\\index.php')
CRITICAL - 2025-07-31 16:59:23 --> ErrorException: Undefined variable $actionUrl
[Method: GET, Route: pengeluaran_bidang_each]
in APPPATH\Views\includes\forms\konfirmasi\hapus.php on line 4.
 1 APPPATH\Views\includes\forms\konfirmasi\hapus.php(4): CodeIgniter\Debug\Exceptions->errorHandler()
 2 SYSTEMPATH\View\View.php(224): include('C:\\Users\\akhta\\Downloads\\SI-Keuangan\\ci4app\\app\\Views\\includes\\forms\\konfirmasi\\hapus.php')
 3 SYSTEMPATH\View\View.php(227): CodeIgniter\View\View->{closure:CodeIgniter\View\View::render():221}()
 4 SYSTEMPATH\Common.php(1173): CodeIgniter\View\View->render()
 5 APPPATH\Views\pengeluaran_bidang_each.php(106): view()
 6 SYSTEMPATH\View\View.php(224): include('C:\\Users\\akhta\\Downloads\\SI-Keuangan\\ci4app\\app\\Views\\pengeluaran_bidang_each.php')
 7 SYSTEMPATH\View\View.php(227): CodeIgniter\View\View->{closure:CodeIgniter\View\View::render():221}()
 8 SYSTEMPATH\Common.php(1173): CodeIgniter\View\View->render()
 9 APPPATH\Controllers\PengeluaranBidangEach.php(23): view()
10 SYSTEMPATH\CodeIgniter.php(933): App\Controllers\PengeluaranBidangEach->index()
11 SYSTEMPATH\CodeIgniter.php(507): CodeIgniter\CodeIgniter->runController()
12 SYSTEMPATH\CodeIgniter.php(354): CodeIgniter\CodeIgniter->handleRequest()
13 SYSTEMPATH\Boot.php(334): CodeIgniter\CodeIgniter->run()
14 SYSTEMPATH\Boot.php(67): CodeIgniter\Boot::runCodeIgniter()
15 FCPATH\index.php(59): CodeIgniter\Boot::bootWeb()
16 SYSTEMPATH\rewrite.php(44): require_once('C:\\Users\\akhta\\Downloads\\SI-Keuangan\\ci4app\\public\\index.php')
CRITICAL - 2025-07-31 16:59:24 --> ErrorException: Undefined variable $actionUrl
[Method: GET, Route: pengeluaran_bidang_each]
in APPPATH\Views\includes\forms\konfirmasi\hapus.php on line 4.
 1 APPPATH\Views\includes\forms\konfirmasi\hapus.php(4): CodeIgniter\Debug\Exceptions->errorHandler()
 2 SYSTEMPATH\View\View.php(224): include('C:\\Users\\akhta\\Downloads\\SI-Keuangan\\ci4app\\app\\Views\\includes\\forms\\konfirmasi\\hapus.php')
 3 SYSTEMPATH\View\View.php(227): CodeIgniter\View\View->{closure:CodeIgniter\View\View::render():221}()
 4 SYSTEMPATH\Common.php(1173): CodeIgniter\View\View->render()
 5 APPPATH\Views\pengeluaran_bidang_each.php(106): view()
 6 SYSTEMPATH\View\View.php(224): include('C:\\Users\\akhta\\Downloads\\SI-Keuangan\\ci4app\\app\\Views\\pengeluaran_bidang_each.php')
 7 SYSTEMPATH\View\View.php(227): CodeIgniter\View\View->{closure:CodeIgniter\View\View::render():221}()
 8 SYSTEMPATH\Common.php(1173): CodeIgniter\View\View->render()
 9 APPPATH\Controllers\PengeluaranBidangEach.php(23): view()
10 SYSTEMPATH\CodeIgniter.php(933): App\Controllers\PengeluaranBidangEach->index()
11 SYSTEMPATH\CodeIgniter.php(507): CodeIgniter\CodeIgniter->runController()
12 SYSTEMPATH\CodeIgniter.php(354): CodeIgniter\CodeIgniter->handleRequest()
13 SYSTEMPATH\Boot.php(334): CodeIgniter\CodeIgniter->run()
14 SYSTEMPATH\Boot.php(67): CodeIgniter\Boot::runCodeIgniter()
15 FCPATH\index.php(59): CodeIgniter\Boot::bootWeb()
16 SYSTEMPATH\rewrite.php(44): require_once('C:\\Users\\akhta\\Downloads\\SI-Keuangan\\ci4app\\public\\index.php')
CRITICAL - 2025-07-31 17:05:01 --> ErrorException: Undefined variable $actionUrl
[Method: GET, Route: pengeluaran_bidang_each]
in APPPATH\Views\includes\forms\konfirmasi\hapus.php on line 4.
 1 APPPATH\Views\includes\forms\konfirmasi\hapus.php(4): CodeIgniter\Debug\Exceptions->errorHandler()
 2 SYSTEMPATH\View\View.php(224): include('C:\\Users\\akhta\\Downloads\\SI-Keuangan\\ci4app\\app\\Views\\includes\\forms\\konfirmasi\\hapus.php')
 3 SYSTEMPATH\View\View.php(227): CodeIgniter\View\View->{closure:CodeIgniter\View\View::render():221}()
 4 SYSTEMPATH\Common.php(1173): CodeIgniter\View\View->render()
 5 APPPATH\Views\pengeluaran_bidang_each.php(106): view()
 6 SYSTEMPATH\View\View.php(224): include('C:\\Users\\akhta\\Downloads\\SI-Keuangan\\ci4app\\app\\Views\\pengeluaran_bidang_each.php')
 7 SYSTEMPATH\View\View.php(227): CodeIgniter\View\View->{closure:CodeIgniter\View\View::render():221}()
 8 SYSTEMPATH\Common.php(1173): CodeIgniter\View\View->render()
 9 APPPATH\Controllers\PengeluaranBidangEach.php(23): view()
10 SYSTEMPATH\CodeIgniter.php(933): App\Controllers\PengeluaranBidangEach->index()
11 SYSTEMPATH\CodeIgniter.php(507): CodeIgniter\CodeIgniter->runController()
12 SYSTEMPATH\CodeIgniter.php(354): CodeIgniter\CodeIgniter->handleRequest()
13 SYSTEMPATH\Boot.php(334): CodeIgniter\CodeIgniter->run()
14 SYSTEMPATH\Boot.php(67): CodeIgniter\Boot::runCodeIgniter()
15 FCPATH\index.php(59): CodeIgniter\Boot::bootWeb()
16 SYSTEMPATH\rewrite.php(44): require_once('C:\\Users\\akhta\\Downloads\\SI-Keuangan\\ci4app\\public\\index.php')
CRITICAL - 2025-07-31 17:05:02 --> ErrorException: Undefined variable $actionUrl
[Method: GET, Route: pengeluaran_bidang_each]
in APPPATH\Views\includes\forms\konfirmasi\hapus.php on line 4.
 1 APPPATH\Views\includes\forms\konfirmasi\hapus.php(4): CodeIgniter\Debug\Exceptions->errorHandler()
 2 SYSTEMPATH\View\View.php(224): include('C:\\Users\\akhta\\Downloads\\SI-Keuangan\\ci4app\\app\\Views\\includes\\forms\\konfirmasi\\hapus.php')
 3 SYSTEMPATH\View\View.php(227): CodeIgniter\View\View->{closure:CodeIgniter\View\View::render():221}()
 4 SYSTEMPATH\Common.php(1173): CodeIgniter\View\View->render()
 5 APPPATH\Views\pengeluaran_bidang_each.php(106): view()
 6 SYSTEMPATH\View\View.php(224): include('C:\\Users\\akhta\\Downloads\\SI-Keuangan\\ci4app\\app\\Views\\pengeluaran_bidang_each.php')
 7 SYSTEMPATH\View\View.php(227): CodeIgniter\View\View->{closure:CodeIgniter\View\View::render():221}()
 8 SYSTEMPATH\Common.php(1173): CodeIgniter\View\View->render()
 9 APPPATH\Controllers\PengeluaranBidangEach.php(23): view()
10 SYSTEMPATH\CodeIgniter.php(933): App\Controllers\PengeluaranBidangEach->index()
11 SYSTEMPATH\CodeIgniter.php(507): CodeIgniter\CodeIgniter->runController()
12 SYSTEMPATH\CodeIgniter.php(354): CodeIgniter\CodeIgniter->handleRequest()
13 SYSTEMPATH\Boot.php(334): CodeIgniter\CodeIgniter->run()
14 SYSTEMPATH\Boot.php(67): CodeIgniter\Boot::runCodeIgniter()
15 FCPATH\index.php(59): CodeIgniter\Boot::bootWeb()
16 SYSTEMPATH\rewrite.php(44): require_once('C:\\Users\\akhta\\Downloads\\SI-Keuangan\\ci4app\\public\\index.php')
CRITICAL - 2025-07-31 17:05:03 --> ErrorException: Undefined variable $actionUrl
[Method: GET, Route: pengeluaran_bidang_each]
in APPPATH\Views\includes\forms\konfirmasi\hapus.php on line 4.
 1 APPPATH\Views\includes\forms\konfirmasi\hapus.php(4): CodeIgniter\Debug\Exceptions->errorHandler()
 2 SYSTEMPATH\View\View.php(224): include('C:\\Users\\akhta\\Downloads\\SI-Keuangan\\ci4app\\app\\Views\\includes\\forms\\konfirmasi\\hapus.php')
 3 SYSTEMPATH\View\View.php(227): CodeIgniter\View\View->{closure:CodeIgniter\View\View::render():221}()
 4 SYSTEMPATH\Common.php(1173): CodeIgniter\View\View->render()
 5 APPPATH\Views\pengeluaran_bidang_each.php(106): view()
 6 SYSTEMPATH\View\View.php(224): include('C:\\Users\\akhta\\Downloads\\SI-Keuangan\\ci4app\\app\\Views\\pengeluaran_bidang_each.php')
 7 SYSTEMPATH\View\View.php(227): CodeIgniter\View\View->{closure:CodeIgniter\View\View::render():221}()
 8 SYSTEMPATH\Common.php(1173): CodeIgniter\View\View->render()
 9 APPPATH\Controllers\PengeluaranBidangEach.php(23): view()
10 SYSTEMPATH\CodeIgniter.php(933): App\Controllers\PengeluaranBidangEach->index()
11 SYSTEMPATH\CodeIgniter.php(507): CodeIgniter\CodeIgniter->runController()
12 SYSTEMPATH\CodeIgniter.php(354): CodeIgniter\CodeIgniter->handleRequest()
13 SYSTEMPATH\Boot.php(334): CodeIgniter\CodeIgniter->run()
14 SYSTEMPATH\Boot.php(67): CodeIgniter\Boot::runCodeIgniter()
15 FCPATH\index.php(59): CodeIgniter\Boot::bootWeb()
16 SYSTEMPATH\rewrite.php(44): require_once('C:\\Users\\akhta\\Downloads\\SI-Keuangan\\ci4app\\public\\index.php')
CRITICAL - 2025-07-31 17:05:03 --> ErrorException: Undefined variable $actionUrl
[Method: GET, Route: pengeluaran_bidang_each]
in APPPATH\Views\includes\forms\konfirmasi\hapus.php on line 4.
 1 APPPATH\Views\includes\forms\konfirmasi\hapus.php(4): CodeIgniter\Debug\Exceptions->errorHandler()
 2 SYSTEMPATH\View\View.php(224): include('C:\\Users\\akhta\\Downloads\\SI-Keuangan\\ci4app\\app\\Views\\includes\\forms\\konfirmasi\\hapus.php')
 3 SYSTEMPATH\View\View.php(227): CodeIgniter\View\View->{closure:CodeIgniter\View\View::render():221}()
 4 SYSTEMPATH\Common.php(1173): CodeIgniter\View\View->render()
 5 APPPATH\Views\pengeluaran_bidang_each.php(106): view()
 6 SYSTEMPATH\View\View.php(224): include('C:\\Users\\akhta\\Downloads\\SI-Keuangan\\ci4app\\app\\Views\\pengeluaran_bidang_each.php')
 7 SYSTEMPATH\View\View.php(227): CodeIgniter\View\View->{closure:CodeIgniter\View\View::render():221}()
 8 SYSTEMPATH\Common.php(1173): CodeIgniter\View\View->render()
 9 APPPATH\Controllers\PengeluaranBidangEach.php(23): view()
10 SYSTEMPATH\CodeIgniter.php(933): App\Controllers\PengeluaranBidangEach->index()
11 SYSTEMPATH\CodeIgniter.php(507): CodeIgniter\CodeIgniter->runController()
12 SYSTEMPATH\CodeIgniter.php(354): CodeIgniter\CodeIgniter->handleRequest()
13 SYSTEMPATH\Boot.php(334): CodeIgniter\CodeIgniter->run()
14 SYSTEMPATH\Boot.php(67): CodeIgniter\Boot::runCodeIgniter()
15 FCPATH\index.php(59): CodeIgniter\Boot::bootWeb()
16 SYSTEMPATH\rewrite.php(44): require_once('C:\\Users\\akhta\\Downloads\\SI-Keuangan\\ci4app\\public\\index.php')
CRITICAL - 2025-07-31 17:05:04 --> ErrorException: Undefined variable $actionUrl
[Method: GET, Route: pengeluaran_bidang_each]
in APPPATH\Views\includes\forms\konfirmasi\hapus.php on line 4.
 1 APPPATH\Views\includes\forms\konfirmasi\hapus.php(4): CodeIgniter\Debug\Exceptions->errorHandler()
 2 SYSTEMPATH\View\View.php(224): include('C:\\Users\\akhta\\Downloads\\SI-Keuangan\\ci4app\\app\\Views\\includes\\forms\\konfirmasi\\hapus.php')
 3 SYSTEMPATH\View\View.php(227): CodeIgniter\View\View->{closure:CodeIgniter\View\View::render():221}()
 4 SYSTEMPATH\Common.php(1173): CodeIgniter\View\View->render()
 5 APPPATH\Views\pengeluaran_bidang_each.php(106): view()
 6 SYSTEMPATH\View\View.php(224): include('C:\\Users\\akhta\\Downloads\\SI-Keuangan\\ci4app\\app\\Views\\pengeluaran_bidang_each.php')
 7 SYSTEMPATH\View\View.php(227): CodeIgniter\View\View->{closure:CodeIgniter\View\View::render():221}()
 8 SYSTEMPATH\Common.php(1173): CodeIgniter\View\View->render()
 9 APPPATH\Controllers\PengeluaranBidangEach.php(23): view()
10 SYSTEMPATH\CodeIgniter.php(933): App\Controllers\PengeluaranBidangEach->index()
11 SYSTEMPATH\CodeIgniter.php(507): CodeIgniter\CodeIgniter->runController()
12 SYSTEMPATH\CodeIgniter.php(354): CodeIgniter\CodeIgniter->handleRequest()
13 SYSTEMPATH\Boot.php(334): CodeIgniter\CodeIgniter->run()
14 SYSTEMPATH\Boot.php(67): CodeIgniter\Boot::runCodeIgniter()
15 FCPATH\index.php(59): CodeIgniter\Boot::bootWeb()
16 SYSTEMPATH\rewrite.php(44): require_once('C:\\Users\\akhta\\Downloads\\SI-Keuangan\\ci4app\\public\\index.php')
CRITICAL - 2025-07-31 17:05:04 --> ErrorException: Undefined variable $actionUrl
[Method: GET, Route: pengeluaran_bidang_each]
in APPPATH\Views\includes\forms\konfirmasi\hapus.php on line 4.
 1 APPPATH\Views\includes\forms\konfirmasi\hapus.php(4): CodeIgniter\Debug\Exceptions->errorHandler()
 2 SYSTEMPATH\View\View.php(224): include('C:\\Users\\akhta\\Downloads\\SI-Keuangan\\ci4app\\app\\Views\\includes\\forms\\konfirmasi\\hapus.php')
 3 SYSTEMPATH\View\View.php(227): CodeIgniter\View\View->{closure:CodeIgniter\View\View::render():221}()
 4 SYSTEMPATH\Common.php(1173): CodeIgniter\View\View->render()
 5 APPPATH\Views\pengeluaran_bidang_each.php(106): view()
 6 SYSTEMPATH\View\View.php(224): include('C:\\Users\\akhta\\Downloads\\SI-Keuangan\\ci4app\\app\\Views\\pengeluaran_bidang_each.php')
 7 SYSTEMPATH\View\View.php(227): CodeIgniter\View\View->{closure:CodeIgniter\View\View::render():221}()
 8 SYSTEMPATH\Common.php(1173): CodeIgniter\View\View->render()
 9 APPPATH\Controllers\PengeluaranBidangEach.php(23): view()
10 SYSTEMPATH\CodeIgniter.php(933): App\Controllers\PengeluaranBidangEach->index()
11 SYSTEMPATH\CodeIgniter.php(507): CodeIgniter\CodeIgniter->runController()
12 SYSTEMPATH\CodeIgniter.php(354): CodeIgniter\CodeIgniter->handleRequest()
13 SYSTEMPATH\Boot.php(334): CodeIgniter\CodeIgniter->run()
14 SYSTEMPATH\Boot.php(67): CodeIgniter\Boot::runCodeIgniter()
15 FCPATH\index.php(59): CodeIgniter\Boot::bootWeb()
16 SYSTEMPATH\rewrite.php(44): require_once('C:\\Users\\akhta\\Downloads\\SI-Keuangan\\ci4app\\public\\index.php')
CRITICAL - 2025-07-31 17:05:04 --> ErrorException: Undefined variable $actionUrl
[Method: GET, Route: pengeluaran_bidang_each]
in APPPATH\Views\includes\forms\konfirmasi\hapus.php on line 4.
 1 APPPATH\Views\includes\forms\konfirmasi\hapus.php(4): CodeIgniter\Debug\Exceptions->errorHandler()
 2 SYSTEMPATH\View\View.php(224): include('C:\\Users\\akhta\\Downloads\\SI-Keuangan\\ci4app\\app\\Views\\includes\\forms\\konfirmasi\\hapus.php')
 3 SYSTEMPATH\View\View.php(227): CodeIgniter\View\View->{closure:CodeIgniter\View\View::render():221}()
 4 SYSTEMPATH\Common.php(1173): CodeIgniter\View\View->render()
 5 APPPATH\Views\pengeluaran_bidang_each.php(106): view()
 6 SYSTEMPATH\View\View.php(224): include('C:\\Users\\akhta\\Downloads\\SI-Keuangan\\ci4app\\app\\Views\\pengeluaran_bidang_each.php')
 7 SYSTEMPATH\View\View.php(227): CodeIgniter\View\View->{closure:CodeIgniter\View\View::render():221}()
 8 SYSTEMPATH\Common.php(1173): CodeIgniter\View\View->render()
 9 APPPATH\Controllers\PengeluaranBidangEach.php(23): view()
10 SYSTEMPATH\CodeIgniter.php(933): App\Controllers\PengeluaranBidangEach->index()
11 SYSTEMPATH\CodeIgniter.php(507): CodeIgniter\CodeIgniter->runController()
12 SYSTEMPATH\CodeIgniter.php(354): CodeIgniter\CodeIgniter->handleRequest()
13 SYSTEMPATH\Boot.php(334): CodeIgniter\CodeIgniter->run()
14 SYSTEMPATH\Boot.php(67): CodeIgniter\Boot::runCodeIgniter()
15 FCPATH\index.php(59): CodeIgniter\Boot::bootWeb()
16 SYSTEMPATH\rewrite.php(44): require_once('C:\\Users\\akhta\\Downloads\\SI-Keuangan\\ci4app\\public\\index.php')
CRITICAL - 2025-07-31 17:05:04 --> ErrorException: Undefined variable $actionUrl
[Method: GET, Route: pengeluaran_bidang_each]
in APPPATH\Views\includes\forms\konfirmasi\hapus.php on line 4.
 1 APPPATH\Views\includes\forms\konfirmasi\hapus.php(4): CodeIgniter\Debug\Exceptions->errorHandler()
 2 SYSTEMPATH\View\View.php(224): include('C:\\Users\\akhta\\Downloads\\SI-Keuangan\\ci4app\\app\\Views\\includes\\forms\\konfirmasi\\hapus.php')
 3 SYSTEMPATH\View\View.php(227): CodeIgniter\View\View->{closure:CodeIgniter\View\View::render():221}()
 4 SYSTEMPATH\Common.php(1173): CodeIgniter\View\View->render()
 5 APPPATH\Views\pengeluaran_bidang_each.php(106): view()
 6 SYSTEMPATH\View\View.php(224): include('C:\\Users\\akhta\\Downloads\\SI-Keuangan\\ci4app\\app\\Views\\pengeluaran_bidang_each.php')
 7 SYSTEMPATH\View\View.php(227): CodeIgniter\View\View->{closure:CodeIgniter\View\View::render():221}()
 8 SYSTEMPATH\Common.php(1173): CodeIgniter\View\View->render()
 9 APPPATH\Controllers\PengeluaranBidangEach.php(23): view()
10 SYSTEMPATH\CodeIgniter.php(933): App\Controllers\PengeluaranBidangEach->index()
11 SYSTEMPATH\CodeIgniter.php(507): CodeIgniter\CodeIgniter->runController()
12 SYSTEMPATH\CodeIgniter.php(354): CodeIgniter\CodeIgniter->handleRequest()
13 SYSTEMPATH\Boot.php(334): CodeIgniter\CodeIgniter->run()
14 SYSTEMPATH\Boot.php(67): CodeIgniter\Boot::runCodeIgniter()
15 FCPATH\index.php(59): CodeIgniter\Boot::bootWeb()
16 SYSTEMPATH\rewrite.php(44): require_once('C:\\Users\\akhta\\Downloads\\SI-Keuangan\\ci4app\\public\\index.php')
CRITICAL - 2025-07-31 17:05:04 --> ErrorException: Undefined variable $actionUrl
[Method: GET, Route: pengeluaran_bidang_each]
in APPPATH\Views\includes\forms\konfirmasi\hapus.php on line 4.
 1 APPPATH\Views\includes\forms\konfirmasi\hapus.php(4): CodeIgniter\Debug\Exceptions->errorHandler()
 2 SYSTEMPATH\View\View.php(224): include('C:\\Users\\akhta\\Downloads\\SI-Keuangan\\ci4app\\app\\Views\\includes\\forms\\konfirmasi\\hapus.php')
 3 SYSTEMPATH\View\View.php(227): CodeIgniter\View\View->{closure:CodeIgniter\View\View::render():221}()
 4 SYSTEMPATH\Common.php(1173): CodeIgniter\View\View->render()
 5 APPPATH\Views\pengeluaran_bidang_each.php(106): view()
 6 SYSTEMPATH\View\View.php(224): include('C:\\Users\\akhta\\Downloads\\SI-Keuangan\\ci4app\\app\\Views\\pengeluaran_bidang_each.php')
 7 SYSTEMPATH\View\View.php(227): CodeIgniter\View\View->{closure:CodeIgniter\View\View::render():221}()
 8 SYSTEMPATH\Common.php(1173): CodeIgniter\View\View->render()
 9 APPPATH\Controllers\PengeluaranBidangEach.php(23): view()
10 SYSTEMPATH\CodeIgniter.php(933): App\Controllers\PengeluaranBidangEach->index()
11 SYSTEMPATH\CodeIgniter.php(507): CodeIgniter\CodeIgniter->runController()
12 SYSTEMPATH\CodeIgniter.php(354): CodeIgniter\CodeIgniter->handleRequest()
13 SYSTEMPATH\Boot.php(334): CodeIgniter\CodeIgniter->run()
14 SYSTEMPATH\Boot.php(67): CodeIgniter\Boot::runCodeIgniter()
15 FCPATH\index.php(59): CodeIgniter\Boot::bootWeb()
16 SYSTEMPATH\rewrite.php(44): require_once('C:\\Users\\akhta\\Downloads\\SI-Keuangan\\ci4app\\public\\index.php')
CRITICAL - 2025-07-31 17:05:04 --> ErrorException: Undefined variable $actionUrl
[Method: GET, Route: pengeluaran_bidang_each]
in APPPATH\Views\includes\forms\konfirmasi\hapus.php on line 4.
 1 APPPATH\Views\includes\forms\konfirmasi\hapus.php(4): CodeIgniter\Debug\Exceptions->errorHandler()
 2 SYSTEMPATH\View\View.php(224): include('C:\\Users\\akhta\\Downloads\\SI-Keuangan\\ci4app\\app\\Views\\includes\\forms\\konfirmasi\\hapus.php')
 3 SYSTEMPATH\View\View.php(227): CodeIgniter\View\View->{closure:CodeIgniter\View\View::render():221}()
 4 SYSTEMPATH\Common.php(1173): CodeIgniter\View\View->render()
 5 APPPATH\Views\pengeluaran_bidang_each.php(106): view()
 6 SYSTEMPATH\View\View.php(224): include('C:\\Users\\akhta\\Downloads\\SI-Keuangan\\ci4app\\app\\Views\\pengeluaran_bidang_each.php')
 7 SYSTEMPATH\View\View.php(227): CodeIgniter\View\View->{closure:CodeIgniter\View\View::render():221}()
 8 SYSTEMPATH\Common.php(1173): CodeIgniter\View\View->render()
 9 APPPATH\Controllers\PengeluaranBidangEach.php(23): view()
10 SYSTEMPATH\CodeIgniter.php(933): App\Controllers\PengeluaranBidangEach->index()
11 SYSTEMPATH\CodeIgniter.php(507): CodeIgniter\CodeIgniter->runController()
12 SYSTEMPATH\CodeIgniter.php(354): CodeIgniter\CodeIgniter->handleRequest()
13 SYSTEMPATH\Boot.php(334): CodeIgniter\CodeIgniter->run()
14 SYSTEMPATH\Boot.php(67): CodeIgniter\Boot::runCodeIgniter()
15 FCPATH\index.php(59): CodeIgniter\Boot::bootWeb()
16 SYSTEMPATH\rewrite.php(44): require_once('C:\\Users\\akhta\\Downloads\\SI-Keuangan\\ci4app\\public\\index.php')
